XML file generated successfully: epgdiyicaijing.xml (Size: 68583 bytes)
XML format validation: PASSED
PHP Warning:  Cannot modify header information - headers already sent by (output started at /home/runner/work/mk/mk/epgdiyicaijing.php:149) in /home/runner/work/mk/mk/epgdiyicaijing.php on line 172

Warning: Cannot modify header information - headers already sent by (output started at /home/runner/work/mk/mk/epgdiyicaijing.php:149) in /home/runner/work/mk/mk/epgdiyicaijing.php on line 172
<?xml version="1.0" encoding="UTF-8"?>
<tv generator-info-name="EPG Filter Script" source-info-name="Filtered EPG">
  <channel id="第一财经">
    <display-name lang="zh">第一财经</display-name>
  </channel>
  <channel id="东方财经">
    <display-name lang="zh">东方财经</display-name>
  </channel>
  <programme start="20251215060000 +0800" stop="20251215063300 +0800" channel="第一财经">
    <title lang="zh">基金时间</title>
    <desc lang="zh">基金时间</desc>
  </programme>
  <programme start="20251215063300 +0800" stop="20251215070300 +0800" channel="第一财经">
    <title lang="zh">投资有看头</title>
    <desc lang="zh">投资有看头</desc>
  </programme>
  <programme start="20251215070300 +0800" stop="20251215080000 +0800" channel="第一财经">
    <title lang="zh">公司与行业(重播)</title>
    <desc lang="zh">公司与行业(重播)</desc>
  </programme>
  <programme start="20251215080000 +0800" stop="20251215090000 +0800" channel="第一财经">
    <title lang="zh">今日股市(重播)</title>
    <desc lang="zh">今日股市(重播)</desc>
  </programme>
  <programme start="20251215090000 +0800" stop="20251215120000 +0800" channel="第一财经">
    <title lang="zh">市场零距离</title>
    <desc lang="zh">市场零距离</desc>
  </programme>
  <programme start="20251215120000 +0800" stop="20251215123000 +0800" channel="第一财经">
    <title lang="zh">创时代</title>
    <desc lang="zh">创时代</desc>
  </programme>
  <programme start="20251215123000 +0800" stop="20251215130000 +0800" channel="第一财经">
    <title lang="zh">中国经营者</title>
    <desc lang="zh">中国经营者</desc>
  </programme>
  <programme start="20251215130000 +0800" stop="20251215160500 +0800" channel="第一财经">
    <title lang="zh">市场零距离</title>
    <desc lang="zh">市场零距离</desc>
  </programme>
  <programme start="20251215160500 +0800" stop="20251215163500 +0800" channel="第一财经">
    <title lang="zh">投资有看头</title>
    <desc lang="zh">投资有看头</desc>
  </programme>
  <programme start="20251215163500 +0800" stop="20251215171600 +0800" channel="第一财经">
    <title lang="zh">陆家嘴金融沙龙</title>
    <desc lang="zh">陆家嘴金融沙龙</desc>
  </programme>
  <programme start="20251215171600 +0800" stop="20251215173000 +0800" channel="第一财经">
    <title lang="zh">财经视频集萃</title>
    <desc lang="zh">财经视频集萃</desc>
  </programme>
  <programme start="20251215173000 +0800" stop="20251215180000 +0800" channel="第一财经">
    <title lang="zh">中国经营者</title>
    <desc lang="zh">中国经营者</desc>
  </programme>
  <programme start="20251215180000 +0800" stop="20251215190000 +0800" channel="第一财经">
    <title lang="zh">今日股市</title>
    <desc lang="zh">今日股市</desc>
  </programme>
  <programme start="20251215190000 +0800" stop="20251215200000 +0800" channel="第一财经">
    <title lang="zh">公司与行业</title>
    <desc lang="zh">公司与行业</desc>
  </programme>
  <programme start="20251215200000 +0800" stop="20251215210000 +0800" channel="第一财经">
    <title lang="zh">谈股论金</title>
    <desc lang="zh">谈股论金</desc>
  </programme>
  <programme start="20251215210000 +0800" stop="20251215214100 +0800" channel="第一财经">
    <title lang="zh">财经夜行线</title>
    <desc lang="zh">财经夜行线</desc>
  </programme>
  <programme start="20251215214100 +0800" stop="20251215220400 +0800" channel="第一财经">
    <title lang="zh">首席评论</title>
    <desc lang="zh">首席评论</desc>
  </programme>
  <programme start="20251215220400 +0800" stop="20251215223000 +0800" channel="第一财经">
    <title lang="zh">创时代</title>
    <desc lang="zh">创时代</desc>
  </programme>
  <programme start="20251215223000 +0800" stop="20251215233000 +0800" channel="第一财经">
    <title lang="zh">今日股市(重播)</title>
    <desc lang="zh">今日股市(重播)</desc>
  </programme>
  <programme start="20251215233000 +0800" stop="20251216000000 +0800" channel="第一财经">
    <title lang="zh">投资有看头</title>
    <desc lang="zh">投资有看头</desc>
  </programme>
  <programme start="20251216000000 +0800" stop="20251216004000 +0800" channel="第一财经">
    <title lang="zh">财经夜行线(重播)</title>
    <desc lang="zh">财经夜行线(重播)</desc>
  </programme>
  <programme start="20251216004000 +0800" stop="20251216010000 +0800" channel="第一财经">
    <title lang="zh">首席评论</title>
    <desc lang="zh">首席评论</desc>
  </programme>
  <programme start="20251216010000 +0800" stop="20251216015600 +0800" channel="第一财经">
    <title lang="zh">公司与行业(重播)</title>
    <desc lang="zh">公司与行业(重播)</desc>
  </programme>
  <programme start="20251216060000 +0800" stop="20251216063000 +0800" channel="第一财经">
    <title lang="zh">对话引领区</title>
    <desc lang="zh">对话引领区</desc>
  </programme>
  <programme start="20251216063000 +0800" stop="20251216070000 +0800" channel="第一财经">
    <title lang="zh">投资有看头</title>
    <desc lang="zh">投资有看头</desc>
  </programme>
  <programme start="20251216070000 +0800" stop="20251216080000 +0800" channel="第一财经">
    <title lang="zh">公司与行业(重播)</title>
    <desc lang="zh">公司与行业(重播)</desc>
  </programme>
  <programme start="20251216080000 +0800" stop="20251216090000 +0800" channel="第一财经">
    <title lang="zh">今日股市(重播)</title>
    <desc lang="zh">今日股市(重播)</desc>
  </programme>
  <programme start="20251216090000 +0800" stop="20251216120000 +0800" channel="第一财经">
    <title lang="zh">市场零距离</title>
    <desc lang="zh">市场零距离</desc>
  </programme>
  <programme start="20251216120000 +0800" stop="20251216123500 +0800" channel="第一财经">
    <title lang="zh">创时代</title>
    <desc lang="zh">创时代</desc>
  </programme>
  <programme start="20251216123500 +0800" stop="20251216130000 +0800" channel="第一财经">
    <title lang="zh">首席评论</title>
    <desc lang="zh">首席评论</desc>
  </programme>
  <programme start="20251216130000 +0800" stop="20251216160500 +0800" channel="第一财经">
    <title lang="zh">市场零距离</title>
    <desc lang="zh">市场零距离</desc>
  </programme>
  <programme start="20251216160500 +0800" stop="20251216163500 +0800" channel="第一财经">
    <title lang="zh">投资有看头</title>
    <desc lang="zh">投资有看头</desc>
  </programme>
  <programme start="20251216163500 +0800" stop="20251216172000 +0800" channel="第一财经">
    <title lang="zh">价值投研社</title>
    <desc lang="zh">价值投研社</desc>
  </programme>
  <programme start="20251216172000 +0800" stop="20251216180000 +0800" channel="第一财经">
    <title lang="zh">中国经济论坛</title>
    <desc lang="zh">中国经济论坛</desc>
  </programme>
  <programme start="20251216180000 +0800" stop="20251216190000 +0800" channel="第一财经">
    <title lang="zh">今日股市</title>
    <desc lang="zh">今日股市</desc>
  </programme>
  <programme start="20251216190000 +0800" stop="20251216200000 +0800" channel="第一财经">
    <title lang="zh">公司与行业</title>
    <desc lang="zh">公司与行业</desc>
  </programme>
  <programme start="20251216200000 +0800" stop="20251216210000 +0800" channel="第一财经">
    <title lang="zh">谈股论金</title>
    <desc lang="zh">谈股论金</desc>
  </programme>
  <programme start="20251216210000 +0800" stop="20251216214100 +0800" channel="第一财经">
    <title lang="zh">财经夜行线</title>
    <desc lang="zh">财经夜行线</desc>
  </programme>
  <programme start="20251216214100 +0800" stop="20251216220500 +0800" channel="第一财经">
    <title lang="zh">首席评论</title>
    <desc lang="zh">首席评论</desc>
  </programme>
  <programme start="20251216220500 +0800" stop="20251216223000 +0800" channel="第一财经">
    <title lang="zh">秒懂金融</title>
    <desc lang="zh">秒懂金融</desc>
  </programme>
  <programme start="20251216223000 +0800" stop="20251216233000 +0800" channel="第一财经">
    <title lang="zh">今日股市(重播)</title>
    <desc lang="zh">今日股市(重播)</desc>
  </programme>
  <programme start="20251216233000 +0800" stop="20251217000000 +0800" channel="第一财经">
    <title lang="zh">投资有看头</title>
    <desc lang="zh">投资有看头</desc>
  </programme>
  <programme start="20251217000000 +0800" stop="20251217004000 +0800" channel="第一财经">
    <title lang="zh">财经夜行线(重播)</title>
    <desc lang="zh">财经夜行线(重播)</desc>
  </programme>
  <programme start="20251217004000 +0800" stop="20251217012000 +0800" channel="第一财经">
    <title lang="zh">价值投研社</title>
    <desc lang="zh">价值投研社</desc>
  </programme>
  <programme start="20251217012000 +0800" stop="20251217014000 +0800" channel="第一财经">
    <title lang="zh">首席评论</title>
    <desc lang="zh">首席评论</desc>
  </programme>
  <programme start="20251217014000 +0800" stop="20251217024500 +0800" channel="第一财经">
    <title lang="zh">公司与行业(重播)</title>
    <desc lang="zh">公司与行业(重播)</desc>
  </programme>
  <programme start="20251217060000 +0800" stop="20251217063000 +0800" channel="第一财经">
    <title lang="zh">中国经营</title>
    <desc lang="zh">中国经营</desc>
  </programme>
  <programme start="20251217063000 +0800" stop="20251217070000 +0800" channel="第一财经">
    <title lang="zh">投资有看头</title>
    <desc lang="zh">投资有看头</desc>
  </programme>
  <programme start="20251217070000 +0800" stop="20251217080000 +0800" channel="第一财经">
    <title lang="zh">公司与行业(重播)</title>
    <desc lang="zh">公司与行业(重播)</desc>
  </programme>
  <programme start="20251217080000 +0800" stop="20251217090000 +0800" channel="第一财经">
    <title lang="zh">今日股市(重播)</title>
    <desc lang="zh">今日股市(重播)</desc>
  </programme>
  <programme start="20251217090000 +0800" stop="20251217120000 +0800" channel="第一财经">
    <title lang="zh">市场零距离</title>
    <desc lang="zh">市场零距离</desc>
  </programme>
  <programme start="20251217120000 +0800" stop="20251217123500 +0800" channel="第一财经">
    <title lang="zh">两说</title>
    <desc lang="zh">两说</desc>
  </programme>
  <programme start="20251217123500 +0800" stop="20251217130000 +0800" channel="第一财经">
    <title lang="zh">首席评论</title>
    <desc lang="zh">首席评论</desc>
  </programme>
  <programme start="20251217130000 +0800" stop="20251217160500 +0800" channel="第一财经">
    <title lang="zh">市场零距离</title>
    <desc lang="zh">市场零距离</desc>
  </programme>
  <programme start="20251217160500 +0800" stop="20251217164000 +0800" channel="第一财经">
    <title lang="zh">投资有看头</title>
    <desc lang="zh">投资有看头</desc>
  </programme>
  <programme start="20251217164000 +0800" stop="20251217170000 +0800" channel="第一财经">
    <title lang="zh">总部面对面</title>
    <desc lang="zh">总部面对面</desc>
  </programme>
  <programme start="20251217170000 +0800" stop="20251217173000 +0800" channel="第一财经">
    <title lang="zh">引领区观察</title>
    <desc lang="zh">引领区观察</desc>
  </programme>
  <programme start="20251217173000 +0800" stop="20251217180000 +0800" channel="第一财经">
    <title lang="zh">首席评论</title>
    <desc lang="zh">首席评论</desc>
  </programme>
  <programme start="20251217180000 +0800" stop="20251217190000 +0800" channel="第一财经">
    <title lang="zh">今日股市</title>
    <desc lang="zh">今日股市</desc>
  </programme>
  <programme start="20251217190000 +0800" stop="20251217200000 +0800" channel="第一财经">
    <title lang="zh">公司与行业</title>
    <desc lang="zh">公司与行业</desc>
  </programme>
  <programme start="20251217200000 +0800" stop="20251217210000 +0800" channel="第一财经">
    <title lang="zh">谈股论金</title>
    <desc lang="zh">谈股论金</desc>
  </programme>
  <programme start="20251217210000 +0800" stop="20251217214100 +0800" channel="第一财经">
    <title lang="zh">财经夜行线</title>
    <desc lang="zh">财经夜行线</desc>
  </programme>
  <programme start="20251217214100 +0800" stop="20251217220400 +0800" channel="第一财经">
    <title lang="zh">首席评论</title>
    <desc lang="zh">首席评论</desc>
  </programme>
  <programme start="20251217220400 +0800" stop="20251217223000 +0800" channel="第一财经">
    <title lang="zh">两说</title>
    <desc lang="zh">两说</desc>
  </programme>
  <programme start="20251217223000 +0800" stop="20251217233000 +0800" channel="第一财经">
    <title lang="zh">今日股市(重播)</title>
    <desc lang="zh">今日股市(重播)</desc>
  </programme>
  <programme start="20251217233000 +0800" stop="20251218000000 +0800" channel="第一财经">
    <title lang="zh">投资有看头</title>
    <desc lang="zh">投资有看头</desc>
  </programme>
  <programme start="20251218000000 +0800" stop="20251218004500 +0800" channel="第一财经">
    <title lang="zh">财经夜行线(重播)</title>
    <desc lang="zh">财经夜行线(重播)</desc>
  </programme>
  <programme start="20251218004500 +0800" stop="20251218011500 +0800" channel="第一财经">
    <title lang="zh">中国经营者</title>
    <desc lang="zh">中国经营者</desc>
  </programme>
  <programme start="20251218011500 +0800" stop="20251218014000 +0800" channel="第一财经">
    <title lang="zh">首席评论</title>
    <desc lang="zh">首席评论</desc>
  </programme>
  <programme start="20251218014000 +0800" stop="20251218024700 +0800" channel="第一财经">
    <title lang="zh">公司与行业(重播)</title>
    <desc lang="zh">公司与行业(重播)</desc>
  </programme>
  <programme start="20251218060000 +0800" stop="20251218063000 +0800" channel="第一财经">
    <title lang="zh">两说</title>
    <desc lang="zh">两说</desc>
  </programme>
  <programme start="20251218063000 +0800" stop="20251218070000 +0800" channel="第一财经">
    <title lang="zh">投资有看头</title>
    <desc lang="zh">投资有看头</desc>
  </programme>
  <programme start="20251218070000 +0800" stop="20251218080000 +0800" channel="第一财经">
    <title lang="zh">公司与行业(重播)</title>
    <desc lang="zh">公司与行业(重播)</desc>
  </programme>
  <programme start="20251218080000 +0800" stop="20251218090000 +0800" channel="第一财经">
    <title lang="zh">今日股市(重播)</title>
    <desc lang="zh">今日股市(重播)</desc>
  </programme>
  <programme start="20251218090000 +0800" stop="20251218120000 +0800" channel="第一财经">
    <title lang="zh">市场零距离</title>
    <desc lang="zh">市场零距离</desc>
  </programme>
  <programme start="20251218120000 +0800" stop="20251218123500 +0800" channel="第一财经">
    <title lang="zh">对话引领区</title>
    <desc lang="zh">对话引领区</desc>
  </programme>
  <programme start="20251218123500 +0800" stop="20251218130000 +0800" channel="第一财经">
    <title lang="zh">首席评论</title>
    <desc lang="zh">首席评论</desc>
  </programme>
  <programme start="20251218130000 +0800" stop="20251218160500 +0800" channel="第一财经">
    <title lang="zh">市场零距离</title>
    <desc lang="zh">市场零距离</desc>
  </programme>
  <programme start="20251218160500 +0800" stop="20251218163500 +0800" channel="第一财经">
    <title lang="zh">投资有看头</title>
    <desc lang="zh">投资有看头</desc>
  </programme>
  <programme start="20251218163500 +0800" stop="20251218170000 +0800" channel="第一财经">
    <title lang="zh">两说</title>
    <desc lang="zh">两说</desc>
  </programme>
  <programme start="20251218170000 +0800" stop="20251218173500 +0800" channel="第一财经">
    <title lang="zh">基金时间</title>
    <desc lang="zh">基金时间</desc>
  </programme>
  <programme start="20251218173500 +0800" stop="20251218180000 +0800" channel="第一财经">
    <title lang="zh">首席评论</title>
    <desc lang="zh">首席评论</desc>
  </programme>
  <programme start="20251218180000 +0800" stop="20251218190000 +0800" channel="第一财经">
    <title lang="zh">今日股市</title>
    <desc lang="zh">今日股市</desc>
  </programme>
  <programme start="20251218190000 +0800" stop="20251218200000 +0800" channel="第一财经">
    <title lang="zh">公司与行业</title>
    <desc lang="zh">公司与行业</desc>
  </programme>
  <programme start="20251218200000 +0800" stop="20251218210000 +0800" channel="第一财经">
    <title lang="zh">谈股论金</title>
    <desc lang="zh">谈股论金</desc>
  </programme>
  <programme start="20251218210000 +0800" stop="20251218214100 +0800" channel="第一财经">
    <title lang="zh">财经夜行线</title>
    <desc lang="zh">财经夜行线</desc>
  </programme>
  <programme start="20251218214100 +0800" stop="20251218220900 +0800" channel="第一财经">
    <title lang="zh">创时代</title>
    <desc lang="zh">创时代</desc>
  </programme>
  <programme start="20251218220900 +0800" stop="20251218223000 +0800" channel="第一财经">
    <title lang="zh">数新风</title>
    <desc lang="zh">数新风</desc>
  </programme>
  <programme start="20251218223000 +0800" stop="20251218233000 +0800" channel="第一财经">
    <title lang="zh">今日股市(重播)</title>
    <desc lang="zh">今日股市(重播)</desc>
  </programme>
  <programme start="20251218233000 +0800" stop="20251219000000 +0800" channel="第一财经">
    <title lang="zh">投资有看头</title>
    <desc lang="zh">投资有看头</desc>
  </programme>
  <programme start="20251219000000 +0800" stop="20251219004500 +0800" channel="第一财经">
    <title lang="zh">财经夜行线(重播)</title>
    <desc lang="zh">财经夜行线(重播)</desc>
  </programme>
  <programme start="20251219004500 +0800" stop="20251219011500 +0800" channel="第一财经">
    <title lang="zh">两说</title>
    <desc lang="zh">两说</desc>
  </programme>
  <programme start="20251219011500 +0800" stop="20251219014000 +0800" channel="第一财经">
    <title lang="zh">创时代</title>
    <desc lang="zh">创时代</desc>
  </programme>
  <programme start="20251219014000 +0800" stop="20251219024700 +0800" channel="第一财经">
    <title lang="zh">公司与行业(重播)</title>
    <desc lang="zh">公司与行业(重播)</desc>
  </programme>
  <programme start="20251219060000 +0800" stop="20251219063000 +0800" channel="第一财经">
    <title lang="zh">创时代</title>
    <desc lang="zh">创时代</desc>
  </programme>
  <programme start="20251219063000 +0800" stop="20251219070000 +0800" channel="第一财经">
    <title lang="zh">投资有看头</title>
    <desc lang="zh">投资有看头</desc>
  </programme>
  <programme start="20251219070000 +0800" stop="20251219080000 +0800" channel="第一财经">
    <title lang="zh">公司与行业(重播)</title>
    <desc lang="zh">公司与行业(重播)</desc>
  </programme>
  <programme start="20251219080000 +0800" stop="20251219090000 +0800" channel="第一财经">
    <title lang="zh">今日股市(重播)</title>
    <desc lang="zh">今日股市(重播)</desc>
  </programme>
  <programme start="20251219090000 +0800" stop="20251219120000 +0800" channel="第一财经">
    <title lang="zh">市场零距离</title>
    <desc lang="zh">市场零距离</desc>
  </programme>
  <programme start="20251219120000 +0800" stop="20251219123500 +0800" channel="第一财经">
    <title lang="zh">陆家嘴金融沙龙</title>
    <desc lang="zh">陆家嘴金融沙龙</desc>
  </programme>
  <programme start="20251219123500 +0800" stop="20251219130000 +0800" channel="第一财经">
    <title lang="zh">创时代</title>
    <desc lang="zh">创时代</desc>
  </programme>
  <programme start="20251219130000 +0800" stop="20251219160500 +0800" channel="第一财经">
    <title lang="zh">市场零距离</title>
    <desc lang="zh">市场零距离</desc>
  </programme>
  <programme start="20251219160500 +0800" stop="20251219163500 +0800" channel="第一财经">
    <title lang="zh">投资有看头</title>
    <desc lang="zh">投资有看头</desc>
  </programme>
  <programme start="20251219163500 +0800" stop="20251219171700 +0800" channel="第一财经">
    <title lang="zh">头脑风暴</title>
    <desc lang="zh">头脑风暴</desc>
  </programme>
  <programme start="20251219171700 +0800" stop="20251219180000 +0800" channel="第一财经">
    <title lang="zh">价值投研社</title>
    <desc lang="zh">价值投研社</desc>
  </programme>
  <programme start="20251219180000 +0800" stop="20251219190000 +0800" channel="第一财经">
    <title lang="zh">今日股市</title>
    <desc lang="zh">今日股市</desc>
  </programme>
  <programme start="20251219190000 +0800" stop="20251219200000 +0800" channel="第一财经">
    <title lang="zh">公司与行业</title>
    <desc lang="zh">公司与行业</desc>
  </programme>
  <programme start="20251219200000 +0800" stop="20251219210000 +0800" channel="第一财经">
    <title lang="zh">谈股论金</title>
    <desc lang="zh">谈股论金</desc>
  </programme>
  <programme start="20251219210000 +0800" stop="20251219214100 +0800" channel="第一财经">
    <title lang="zh">财经夜行线</title>
    <desc lang="zh">财经夜行线</desc>
  </programme>
  <programme start="20251219214100 +0800" stop="20251219220800 +0800" channel="第一财经">
    <title lang="zh">中国经营者</title>
    <desc lang="zh">中国经营者</desc>
  </programme>
  <programme start="20251219220800 +0800" stop="20251219223000 +0800" channel="第一财经">
    <title lang="zh">数新风</title>
    <desc lang="zh">数新风</desc>
  </programme>
  <programme start="20251219223000 +0800" stop="20251219233000 +0800" channel="第一财经">
    <title lang="zh">今日股市(重播)</title>
    <desc lang="zh">今日股市(重播)</desc>
  </programme>
  <programme start="20251219233000 +0800" stop="20251220000000 +0800" channel="第一财经">
    <title lang="zh">投资有看头</title>
    <desc lang="zh">投资有看头</desc>
  </programme>
  <programme start="20251220000000 +0800" stop="20251220004000 +0800" channel="第一财经">
    <title lang="zh">财经夜行线(重播)</title>
    <desc lang="zh">财经夜行线(重播)</desc>
  </programme>
  <programme start="20251220004000 +0800" stop="20251220012000 +0800" channel="第一财经">
    <title lang="zh">头脑风暴</title>
    <desc lang="zh">头脑风暴</desc>
  </programme>
  <programme start="20251220012000 +0800" stop="20251220014500 +0800" channel="第一财经">
    <title lang="zh">中国经营者</title>
    <desc lang="zh">中国经营者</desc>
  </programme>
  <programme start="20251220014500 +0800" stop="20251220024800 +0800" channel="第一财经">
    <title lang="zh">公司与行业(重播)</title>
    <desc lang="zh">公司与行业(重播)</desc>
  </programme>
  <programme start="20251220060000 +0800" stop="20251220064500 +0800" channel="第一财经">
    <title lang="zh">陆家嘴金融沙龙</title>
    <desc lang="zh">陆家嘴金融沙龙</desc>
  </programme>
  <programme start="20251220064500 +0800" stop="20251220065500 +0800" channel="第一财经">
    <title lang="zh">直通全球国际组织</title>
    <desc lang="zh">直通全球国际组织</desc>
  </programme>
  <programme start="20251220065500 +0800" stop="20251220072500 +0800" channel="第一财经">
    <title lang="zh">创时代</title>
    <desc lang="zh">创时代</desc>
  </programme>
  <programme start="20251220072500 +0800" stop="20251220080000 +0800" channel="第一财经">
    <title lang="zh">基金时间</title>
    <desc lang="zh">基金时间</desc>
  </programme>
  <programme start="20251220080000 +0800" stop="20251220082500 +0800" channel="第一财经">
    <title lang="zh">首席养老官</title>
    <desc lang="zh">首席养老官</desc>
  </programme>
  <programme start="20251220082500 +0800" stop="20251220090500 +0800" channel="第一财经">
    <title lang="zh">价值投研社</title>
    <desc lang="zh">价值投研社</desc>
  </programme>
  <programme start="20251220090500 +0800" stop="20251220093500 +0800" channel="第一财经">
    <title lang="zh">两说</title>
    <desc lang="zh">两说</desc>
  </programme>
  <programme start="20251220093500 +0800" stop="20251220100000 +0800" channel="第一财经">
    <title lang="zh">中国经营者</title>
    <desc lang="zh">中国经营者</desc>
  </programme>
  <programme start="20251220100000 +0800" stop="20251220103500 +0800" channel="第一财经">
    <title lang="zh">中国经济论坛</title>
    <desc lang="zh">中国经济论坛</desc>
  </programme>
  <programme start="20251220103500 +0800" stop="20251220110000 +0800" channel="第一财经">
    <title lang="zh">秒懂金融</title>
    <desc lang="zh">秒懂金融</desc>
  </programme>
  <programme start="20251220110000 +0800" stop="20251220114300 +0800" channel="第一财经">
    <title lang="zh">首席评论</title>
    <desc lang="zh">首席评论</desc>
  </programme>
  <programme start="20251220114300 +0800" stop="20251220120000 +0800" channel="第一财经">
    <title lang="zh">从乘风到破浪</title>
    <desc lang="zh">从乘风到破浪</desc>
  </programme>
  <programme start="20251220120000 +0800" stop="20251220124500 +0800" channel="第一财经">
    <title lang="zh">头脑风暴</title>
    <desc lang="zh">头脑风暴</desc>
  </programme>
  <programme start="20251220124500 +0800" stop="20251220131500 +0800" channel="第一财经">
    <title lang="zh">对话引领区</title>
    <desc lang="zh">对话引领区</desc>
  </programme>
  <programme start="20251220131500 +0800" stop="20251220135000 +0800" channel="第一财经">
    <title lang="zh">陆家嘴金融沙龙</title>
    <desc lang="zh">陆家嘴金融沙龙</desc>
  </programme>
  <programme start="20251220135000 +0800" stop="20251220142000 +0800" channel="第一财经">
    <title lang="zh">创时代</title>
    <desc lang="zh">创时代</desc>
  </programme>
  <programme start="20251220142000 +0800" stop="20251220144500 +0800" channel="第一财经">
    <title lang="zh">中国经营者</title>
    <desc lang="zh">中国经营者</desc>
  </programme>
  <programme start="20251220144500 +0800" stop="20251220152500 +0800" channel="第一财经">
    <title lang="zh">价值投研社</title>
    <desc lang="zh">价值投研社</desc>
  </programme>
  <programme start="20251220152500 +0800" stop="20251220155000 +0800" channel="第一财经">
    <title lang="zh">两说</title>
    <desc lang="zh">两说</desc>
  </programme>
  <programme start="20251220155000 +0800" stop="20251220162500 +0800" channel="第一财经">
    <title lang="zh">基金时间</title>
    <desc lang="zh">基金时间</desc>
  </programme>
  <programme start="20251220162500 +0800" stop="20251220165900 +0800" channel="第一财经">
    <title lang="zh">首席养老官</title>
    <desc lang="zh">首席养老官</desc>
  </programme>
  <programme start="20251220165900 +0800" stop="20251220172000 +0800" channel="第一财经">
    <title lang="zh">科创价值如何释放？要素交易驱动转化破局</title>
    <desc lang="zh">科创价值如何释放？要素交易驱动转化破局</desc>
  </programme>
  <programme start="20251220172000 +0800" stop="20251220174500 +0800" channel="第一财经">
    <title lang="zh">主角</title>
    <desc lang="zh">主角</desc>
  </programme>
  <programme start="20251220174500 +0800" stop="20251220180000 +0800" channel="第一财经">
    <title lang="zh">直通全球国际组织</title>
    <desc lang="zh">直通全球国际组织</desc>
  </programme>
  <programme start="20251220180000 +0800" stop="20251220190000 +0800" channel="第一财经">
    <title lang="zh">第六交易日</title>
    <desc lang="zh">第六交易日</desc>
  </programme>
  <programme start="20251220190000 +0800" stop="20251220194000 +0800" channel="第一财经">
    <title lang="zh">陆家嘴金融沙龙</title>
    <desc lang="zh">陆家嘴金融沙龙</desc>
  </programme>
  <programme start="20251220194000 +0800" stop="20251220200000 +0800" channel="第一财经">
    <title lang="zh">总部面对面</title>
    <desc lang="zh">总部面对面</desc>
  </programme>
  <programme start="20251220200000 +0800" stop="20251220200900 +0800" channel="第一财经">
    <title lang="zh">第一地产 看房</title>
    <desc lang="zh">第一地产 看房</desc>
  </programme>
  <programme start="20251220200900 +0800" stop="20251220203000 +0800" channel="第一财经">
    <title lang="zh">保险力量护航民营经济发展</title>
    <desc lang="zh">保险力量护航民营经济发展</desc>
  </programme>
  <programme start="20251220203000 +0800" stop="20251220210000 +0800" channel="第一财经">
    <title lang="zh">秒懂金融</title>
    <desc lang="zh">秒懂金融</desc>
  </programme>
  <programme start="20251220210000 +0800" stop="20251220214500 +0800" channel="第一财经">
    <title lang="zh">陆家嘴金融沙龙</title>
    <desc lang="zh">陆家嘴金融沙龙</desc>
  </programme>
  <programme start="20251220214500 +0800" stop="20251220220000 +0800" channel="第一财经">
    <title lang="zh">财经视频集萃</title>
    <desc lang="zh">财经视频集萃</desc>
  </programme>
  <programme start="20251220220000 +0800" stop="20251220222900 +0800" channel="第一财经">
    <title lang="zh">两说</title>
    <desc lang="zh">两说</desc>
  </programme>
  <programme start="20251220222900 +0800" stop="20251220230000 +0800" channel="第一财经">
    <title lang="zh">基金时间</title>
    <desc lang="zh">基金时间</desc>
  </programme>
  <programme start="20251220230000 +0800" stop="20251220233000 +0800" channel="第一财经">
    <title lang="zh">中国经济论坛</title>
    <desc lang="zh">中国经济论坛</desc>
  </programme>
  <programme start="20251220233000 +0800" stop="20251221000000 +0800" channel="第一财经">
    <title lang="zh">对话引领区</title>
    <desc lang="zh">对话引领区</desc>
  </programme>
  <programme start="20251221000000 +0800" stop="20251221002500 +0800" channel="第一财经">
    <title lang="zh">首席养老官</title>
    <desc lang="zh">首席养老官</desc>
  </programme>
  <programme start="20251221002500 +0800" stop="20251221010500 +0800" channel="第一财经">
    <title lang="zh">价值投研社</title>
    <desc lang="zh">价值投研社</desc>
  </programme>
  <programme start="20251221010500 +0800" stop="20251221013500 +0800" channel="第一财经">
    <title lang="zh">创时代</title>
    <desc lang="zh">创时代</desc>
  </programme>
  <programme start="20251221013500 +0800" stop="20251221023000 +0800" channel="第一财经">
    <title lang="zh">第六交易日</title>
    <desc lang="zh">第六交易日</desc>
  </programme>
  <programme start="20251215060000 +0800" stop="20251215070000 +0800" channel="东方财经">
    <title lang="zh">今日股市</title>
    <desc lang="zh">今日股市</desc>
  </programme>
  <programme start="20251215070000 +0800" stop="20251215073000 +0800" channel="东方财经">
    <title lang="zh">文化访谈录</title>
    <desc lang="zh">文化访谈录</desc>
  </programme>
  <programme start="20251215073000 +0800" stop="20251215080000 +0800" channel="东方财经">
    <title lang="zh">望江驿·遇见</title>
    <desc lang="zh">望江驿·遇见</desc>
  </programme>
  <programme start="20251215080000 +0800" stop="20251215083000 +0800" channel="东方财经">
    <title lang="zh">直击引领区</title>
    <desc lang="zh">直击引领区</desc>
  </programme>
  <programme start="20251215083000 +0800" stop="20251215090000 +0800" channel="东方财经">
    <title lang="zh">创时代</title>
    <desc lang="zh">创时代</desc>
  </programme>
  <programme start="20251215090000 +0800" stop="20251215120000 +0800" channel="东方财经">
    <title lang="zh">市场零距离</title>
    <desc lang="zh">市场零距离</desc>
  </programme>
  <programme start="20251215120000 +0800" stop="20251215123000 +0800" channel="东方财经">
    <title lang="zh">直击引领区</title>
    <desc lang="zh">直击引领区</desc>
  </programme>
  <programme start="20251215123000 +0800" stop="20251215124500 +0800" channel="东方财经">
    <title lang="zh">632观察</title>
    <desc lang="zh">632观察</desc>
  </programme>
  <programme start="20251215124500 +0800" stop="20251215130000 +0800" channel="东方财经">
    <title lang="zh">科创先行者</title>
    <desc lang="zh">科创先行者</desc>
  </programme>
  <programme start="20251215130000 +0800" stop="20251215150000 +0800" channel="东方财经">
    <title lang="zh">市场零距离</title>
    <desc lang="zh">市场零距离</desc>
  </programme>
  <programme start="20251215150000 +0800" stop="20251215160000 +0800" channel="东方财经">
    <title lang="zh">创赢未来</title>
    <desc lang="zh">创赢未来</desc>
  </programme>
  <programme start="20251215160000 +0800" stop="20251215170000 +0800" channel="东方财经">
    <title lang="zh">纪录片</title>
    <desc lang="zh">纪录片</desc>
  </programme>
  <programme start="20251215170000 +0800" stop="20251215173000 +0800" channel="东方财经">
    <title lang="zh">直击引领区</title>
    <desc lang="zh">直击引领区</desc>
  </programme>
  <programme start="20251215173000 +0800" stop="20251215180000 +0800" channel="东方财经">
    <title lang="zh">创时代</title>
    <desc lang="zh">创时代</desc>
  </programme>
  <programme start="20251215180000 +0800" stop="20251215183000 +0800" channel="东方财经">
    <title lang="zh">望江驿·遇见</title>
    <desc lang="zh">望江驿·遇见</desc>
  </programme>
  <programme start="20251215183000 +0800" stop="20251215190000 +0800" channel="东方财经">
    <title lang="zh">几何书房</title>
    <desc lang="zh">几何书房</desc>
  </programme>
  <programme start="20251215190000 +0800" stop="20251215191500 +0800" channel="东方财经">
    <title lang="zh">新闻制高点</title>
    <desc lang="zh">新闻制高点</desc>
  </programme>
  <programme start="20251215191500 +0800" stop="20251215193000 +0800" channel="东方财经">
    <title lang="zh">632观察</title>
    <desc lang="zh">632观察</desc>
  </programme>
  <programme start="20251215193000 +0800" stop="20251215194500 +0800" channel="东方财经">
    <title lang="zh">科创先行者</title>
    <desc lang="zh">科创先行者</desc>
  </programme>
  <programme start="20251215194500 +0800" stop="20251215200000 +0800" channel="东方财经">
    <title lang="zh">直击引领区</title>
    <desc lang="zh">直击引领区</desc>
  </programme>
  <programme start="20251215200000 +0800" stop="20251215203000 +0800" channel="东方财经">
    <title lang="zh">文化访谈录</title>
    <desc lang="zh">文化访谈录</desc>
  </programme>
  <programme start="20251215203000 +0800" stop="20251215210000 +0800" channel="东方财经">
    <title lang="zh">望江驿·遇见</title>
    <desc lang="zh">望江驿·遇见</desc>
  </programme>
  <programme start="20251215210000 +0800" stop="20251215214000 +0800" channel="东方财经">
    <title lang="zh">财经夜行线</title>
    <desc lang="zh">财经夜行线</desc>
  </programme>
  <programme start="20251215214000 +0800" stop="20251215220000 +0800" channel="东方财经">
    <title lang="zh">首席评论</title>
    <desc lang="zh">首席评论</desc>
  </programme>
  <programme start="20251215220000 +0800" stop="20251215221500 +0800" channel="东方财经">
    <title lang="zh">新闻制高点</title>
    <desc lang="zh">新闻制高点</desc>
  </programme>
  <programme start="20251215221500 +0800" stop="20251215223000 +0800" channel="东方财经">
    <title lang="zh">632观察</title>
    <desc lang="zh">632观察</desc>
  </programme>
  <programme start="20251215223000 +0800" stop="20251215224500 +0800" channel="东方财经">
    <title lang="zh">科创先行者</title>
    <desc lang="zh">科创先行者</desc>
  </programme>
  <programme start="20251215224500 +0800" stop="20251215230000 +0800" channel="东方财经">
    <title lang="zh">文化访谈录</title>
    <desc lang="zh">文化访谈录</desc>
  </programme>
  <programme start="20251215230000 +0800" stop="20251215233000 +0800" channel="东方财经">
    <title lang="zh">望江驿·遇见</title>
    <desc lang="zh">望江驿·遇见</desc>
  </programme>
  <programme start="20251215233000 +0800" stop="20251216000000 +0800" channel="东方财经">
    <title lang="zh">直击引领区</title>
    <desc lang="zh">直击引领区</desc>
  </programme>
  <programme start="20251216000000 +0800" stop="20251216013000 +0800" channel="东方财经">
    <title lang="zh">纪录片</title>
    <desc lang="zh">纪录片</desc>
  </programme>
  <programme start="20251216013000 +0800" stop="20251216020000 +0800" channel="东方财经">
    <title lang="zh">创时代</title>
    <desc lang="zh">创时代</desc>
  </programme>
  <programme start="20251216060000 +0800" stop="20251216070000 +0800" channel="东方财经">
    <title lang="zh">今日股市</title>
    <desc lang="zh">今日股市</desc>
  </programme>
  <programme start="20251216070000 +0800" stop="20251216073000 +0800" channel="东方财经">
    <title lang="zh">文化访谈录</title>
    <desc lang="zh">文化访谈录</desc>
  </programme>
  <programme start="20251216073000 +0800" stop="20251216080000 +0800" channel="东方财经">
    <title lang="zh">望江驿·遇见</title>
    <desc lang="zh">望江驿·遇见</desc>
  </programme>
  <programme start="20251216080000 +0800" stop="20251216083000 +0800" channel="东方财经">
    <title lang="zh">直击引领区</title>
    <desc lang="zh">直击引领区</desc>
  </programme>
  <programme start="20251216083000 +0800" stop="20251216090000 +0800" channel="东方财经">
    <title lang="zh">创时代</title>
    <desc lang="zh">创时代</desc>
  </programme>
  <programme start="20251216090000 +0800" stop="20251216120000 +0800" channel="东方财经">
    <title lang="zh">市场零距离</title>
    <desc lang="zh">市场零距离</desc>
  </programme>
  <programme start="20251216120000 +0800" stop="20251216123000 +0800" channel="东方财经">
    <title lang="zh">直击引领区</title>
    <desc lang="zh">直击引领区</desc>
  </programme>
  <programme start="20251216123000 +0800" stop="20251216124500 +0800" channel="东方财经">
    <title lang="zh">632观察</title>
    <desc lang="zh">632观察</desc>
  </programme>
  <programme start="20251216124500 +0800" stop="20251216130000 +0800" channel="东方财经">
    <title lang="zh">科创先行者</title>
    <desc lang="zh">科创先行者</desc>
  </programme>
  <programme start="20251216130000 +0800" stop="20251216150000 +0800" channel="东方财经">
    <title lang="zh">市场零距离</title>
    <desc lang="zh">市场零距离</desc>
  </programme>
  <programme start="20251216150000 +0800" stop="20251216160000 +0800" channel="东方财经">
    <title lang="zh">创赢未来</title>
    <desc lang="zh">创赢未来</desc>
  </programme>
  <programme start="20251216160000 +0800" stop="20251216170000 +0800" channel="东方财经">
    <title lang="zh">纪录片</title>
    <desc lang="zh">纪录片</desc>
  </programme>
  <programme start="20251216170000 +0800" stop="20251216173000 +0800" channel="东方财经">
    <title lang="zh">直击引领区</title>
    <desc lang="zh">直击引领区</desc>
  </programme>
  <programme start="20251216173000 +0800" stop="20251216180000 +0800" channel="东方财经">
    <title lang="zh">创时代</title>
    <desc lang="zh">创时代</desc>
  </programme>
  <programme start="20251216180000 +0800" stop="20251216183000 +0800" channel="东方财经">
    <title lang="zh">望江驿·遇见</title>
    <desc lang="zh">望江驿·遇见</desc>
  </programme>
  <programme start="20251216183000 +0800" stop="20251216190000 +0800" channel="东方财经">
    <title lang="zh">几何书房</title>
    <desc lang="zh">几何书房</desc>
  </programme>
  <programme start="20251216190000 +0800" stop="20251216191500 +0800" channel="东方财经">
    <title lang="zh">新闻制高点</title>
    <desc lang="zh">新闻制高点</desc>
  </programme>
  <programme start="20251216191500 +0800" stop="20251216193000 +0800" channel="东方财经">
    <title lang="zh">632观察</title>
    <desc lang="zh">632观察</desc>
  </programme>
  <programme start="20251216193000 +0800" stop="20251216194500 +0800" channel="东方财经">
    <title lang="zh">科创先行者</title>
    <desc lang="zh">科创先行者</desc>
  </programme>
  <programme start="20251216194500 +0800" stop="20251216200000 +0800" channel="东方财经">
    <title lang="zh">直击引领区</title>
    <desc lang="zh">直击引领区</desc>
  </programme>
  <programme start="20251216200000 +0800" stop="20251216203000 +0800" channel="东方财经">
    <title lang="zh">文化访谈录</title>
    <desc lang="zh">文化访谈录</desc>
  </programme>
  <programme start="20251216203000 +0800" stop="20251216210000 +0800" channel="东方财经">
    <title lang="zh">望江驿·遇见</title>
    <desc lang="zh">望江驿·遇见</desc>
  </programme>
  <programme start="20251216210000 +0800" stop="20251216214000 +0800" channel="东方财经">
    <title lang="zh">财经夜行线</title>
    <desc lang="zh">财经夜行线</desc>
  </programme>
  <programme start="20251216214000 +0800" stop="20251216220000 +0800" channel="东方财经">
    <title lang="zh">首席评论</title>
    <desc lang="zh">首席评论</desc>
  </programme>
  <programme start="20251216220000 +0800" stop="20251216221500 +0800" channel="东方财经">
    <title lang="zh">新闻制高点</title>
    <desc lang="zh">新闻制高点</desc>
  </programme>
  <programme start="20251216221500 +0800" stop="20251216223000 +0800" channel="东方财经">
    <title lang="zh">632观察</title>
    <desc lang="zh">632观察</desc>
  </programme>
  <programme start="20251216223000 +0800" stop="20251216224500 +0800" channel="东方财经">
    <title lang="zh">科创先行者</title>
    <desc lang="zh">科创先行者</desc>
  </programme>
  <programme start="20251216224500 +0800" stop="20251216230000 +0800" channel="东方财经">
    <title lang="zh">文化访谈录</title>
    <desc lang="zh">文化访谈录</desc>
  </programme>
  <programme start="20251216230000 +0800" stop="20251216233000 +0800" channel="东方财经">
    <title lang="zh">望江驿·遇见</title>
    <desc lang="zh">望江驿·遇见</desc>
  </programme>
  <programme start="20251216233000 +0800" stop="20251217000000 +0800" channel="东方财经">
    <title lang="zh">直击引领区</title>
    <desc lang="zh">直击引领区</desc>
  </programme>
  <programme start="20251217000000 +0800" stop="20251217013000 +0800" channel="东方财经">
    <title lang="zh">纪录片</title>
    <desc lang="zh">纪录片</desc>
  </programme>
  <programme start="20251217013000 +0800" stop="20251217020000 +0800" channel="东方财经">
    <title lang="zh">创时代</title>
    <desc lang="zh">创时代</desc>
  </programme>
  <programme start="20251217060000 +0800" stop="20251217070000 +0800" channel="东方财经">
    <title lang="zh">今日股市</title>
    <desc lang="zh">今日股市</desc>
  </programme>
  <programme start="20251217070000 +0800" stop="20251217073000 +0800" channel="东方财经">
    <title lang="zh">文化访谈录</title>
    <desc lang="zh">文化访谈录</desc>
  </programme>
  <programme start="20251217073000 +0800" stop="20251217080000 +0800" channel="东方财经">
    <title lang="zh">望江驿·遇见</title>
    <desc lang="zh">望江驿·遇见</desc>
  </programme>
  <programme start="20251217080000 +0800" stop="20251217083000 +0800" channel="东方财经">
    <title lang="zh">直击引领区</title>
    <desc lang="zh">直击引领区</desc>
  </programme>
  <programme start="20251217083000 +0800" stop="20251217090000 +0800" channel="东方财经">
    <title lang="zh">创时代</title>
    <desc lang="zh">创时代</desc>
  </programme>
  <programme start="20251217090000 +0800" stop="20251217120000 +0800" channel="东方财经">
    <title lang="zh">市场零距离</title>
    <desc lang="zh">市场零距离</desc>
  </programme>
  <programme start="20251217120000 +0800" stop="20251217123000 +0800" channel="东方财经">
    <title lang="zh">直击引领区</title>
    <desc lang="zh">直击引领区</desc>
  </programme>
  <programme start="20251217123000 +0800" stop="20251217124500 +0800" channel="东方财经">
    <title lang="zh">632观察</title>
    <desc lang="zh">632观察</desc>
  </programme>
  <programme start="20251217124500 +0800" stop="20251217130000 +0800" channel="东方财经">
    <title lang="zh">科创先行者</title>
    <desc lang="zh">科创先行者</desc>
  </programme>
  <programme start="20251217130000 +0800" stop="20251217150000 +0800" channel="东方财经">
    <title lang="zh">市场零距离</title>
    <desc lang="zh">市场零距离</desc>
  </programme>
  <programme start="20251217150000 +0800" stop="20251217160000 +0800" channel="东方财经">
    <title lang="zh">创赢未来</title>
    <desc lang="zh">创赢未来</desc>
  </programme>
  <programme start="20251217160000 +0800" stop="20251217170000 +0800" channel="东方财经">
    <title lang="zh">纪录片</title>
    <desc lang="zh">纪录片</desc>
  </programme>
  <programme start="20251217170000 +0800" stop="20251217173000 +0800" channel="东方财经">
    <title lang="zh">直击引领区</title>
    <desc lang="zh">直击引领区</desc>
  </programme>
  <programme start="20251217173000 +0800" stop="20251217180000 +0800" channel="东方财经">
    <title lang="zh">创时代</title>
    <desc lang="zh">创时代</desc>
  </programme>
  <programme start="20251217180000 +0800" stop="20251217183000 +0800" channel="东方财经">
    <title lang="zh">望江驿·遇见</title>
    <desc lang="zh">望江驿·遇见</desc>
  </programme>
  <programme start="20251217183000 +0800" stop="20251217190000 +0800" channel="东方财经">
    <title lang="zh">几何书房</title>
    <desc lang="zh">几何书房</desc>
  </programme>
  <programme start="20251217190000 +0800" stop="20251217191500 +0800" channel="东方财经">
    <title lang="zh">新闻制高点</title>
    <desc lang="zh">新闻制高点</desc>
  </programme>
  <programme start="20251217191500 +0800" stop="20251217193000 +0800" channel="东方财经">
    <title lang="zh">632观察</title>
    <desc lang="zh">632观察</desc>
  </programme>
  <programme start="20251217193000 +0800" stop="20251217194500 +0800" channel="东方财经">
    <title lang="zh">科创先行者</title>
    <desc lang="zh">科创先行者</desc>
  </programme>
  <programme start="20251217194500 +0800" stop="20251217200000 +0800" channel="东方财经">
    <title lang="zh">直击引领区</title>
    <desc lang="zh">直击引领区</desc>
  </programme>
  <programme start="20251217200000 +0800" stop="20251217203000 +0800" channel="东方财经">
    <title lang="zh">文化访谈录</title>
    <desc lang="zh">文化访谈录</desc>
  </programme>
  <programme start="20251217203000 +0800" stop="20251217210000 +0800" channel="东方财经">
    <title lang="zh">望江驿·遇见</title>
    <desc lang="zh">望江驿·遇见</desc>
  </programme>
  <programme start="20251217210000 +0800" stop="20251217214000 +0800" channel="东方财经">
    <title lang="zh">财经夜行线</title>
    <desc lang="zh">财经夜行线</desc>
  </programme>
  <programme start="20251217214000 +0800" stop="20251217220000 +0800" channel="东方财经">
    <title lang="zh">首席评论</title>
    <desc lang="zh">首席评论</desc>
  </programme>
  <programme start="20251217220000 +0800" stop="20251217221500 +0800" channel="东方财经">
    <title lang="zh">新闻制高点</title>
    <desc lang="zh">新闻制高点</desc>
  </programme>
  <programme start="20251217221500 +0800" stop="20251217223000 +0800" channel="东方财经">
    <title lang="zh">632观察</title>
    <desc lang="zh">632观察</desc>
  </programme>
  <programme start="20251217223000 +0800" stop="20251217224500 +0800" channel="东方财经">
    <title lang="zh">科创先行者</title>
    <desc lang="zh">科创先行者</desc>
  </programme>
  <programme start="20251217224500 +0800" stop="20251217230000 +0800" channel="东方财经">
    <title lang="zh">文化访谈录</title>
    <desc lang="zh">文化访谈录</desc>
  </programme>
  <programme start="20251217230000 +0800" stop="20251217233000 +0800" channel="东方财经">
    <title lang="zh">望江驿·遇见</title>
    <desc lang="zh">望江驿·遇见</desc>
  </programme>
  <programme start="20251217233000 +0800" stop="20251218000000 +0800" channel="东方财经">
    <title lang="zh">直击引领区</title>
    <desc lang="zh">直击引领区</desc>
  </programme>
  <programme start="20251218000000 +0800" stop="20251218013000 +0800" channel="东方财经">
    <title lang="zh">纪录片</title>
    <desc lang="zh">纪录片</desc>
  </programme>
  <programme start="20251218013000 +0800" stop="20251218020000 +0800" channel="东方财经">
    <title lang="zh">创时代</title>
    <desc lang="zh">创时代</desc>
  </programme>
  <programme start="20251218060000 +0800" stop="20251218070000 +0800" channel="东方财经">
    <title lang="zh">今日股市</title>
    <desc lang="zh">今日股市</desc>
  </programme>
  <programme start="20251218070000 +0800" stop="20251218073000 +0800" channel="东方财经">
    <title lang="zh">文化访谈录</title>
    <desc lang="zh">文化访谈录</desc>
  </programme>
  <programme start="20251218073000 +0800" stop="20251218080000 +0800" channel="东方财经">
    <title lang="zh">望江驿·遇见</title>
    <desc lang="zh">望江驿·遇见</desc>
  </programme>
  <programme start="20251218080000 +0800" stop="20251218083000 +0800" channel="东方财经">
    <title lang="zh">直击引领区</title>
    <desc lang="zh">直击引领区</desc>
  </programme>
  <programme start="20251218083000 +0800" stop="20251218090000 +0800" channel="东方财经">
    <title lang="zh">创时代</title>
    <desc lang="zh">创时代</desc>
  </programme>
  <programme start="20251218090000 +0800" stop="20251218120000 +0800" channel="东方财经">
    <title lang="zh">市场零距离</title>
    <desc lang="zh">市场零距离</desc>
  </programme>
  <programme start="20251218120000 +0800" stop="20251218123000 +0800" channel="东方财经">
    <title lang="zh">直击引领区</title>
    <desc lang="zh">直击引领区</desc>
  </programme>
  <programme start="20251218123000 +0800" stop="20251218124500 +0800" channel="东方财经">
    <title lang="zh">632观察</title>
    <desc lang="zh">632观察</desc>
  </programme>
  <programme start="20251218124500 +0800" stop="20251218130000 +0800" channel="东方财经">
    <title lang="zh">科创先行者</title>
    <desc lang="zh">科创先行者</desc>
  </programme>
  <programme start="20251218130000 +0800" stop="20251218150000 +0800" channel="东方财经">
    <title lang="zh">市场零距离</title>
    <desc lang="zh">市场零距离</desc>
  </programme>
  <programme start="20251218150000 +0800" stop="20251218160000 +0800" channel="东方财经">
    <title lang="zh">创时代</title>
    <desc lang="zh">创时代</desc>
  </programme>
  <programme start="20251218160000 +0800" stop="20251218170000 +0800" channel="东方财经">
    <title lang="zh">纪录片</title>
    <desc lang="zh">纪录片</desc>
  </programme>
  <programme start="20251218170000 +0800" stop="20251218173000 +0800" channel="东方财经">
    <title lang="zh">直击引领区</title>
    <desc lang="zh">直击引领区</desc>
  </programme>
  <programme start="20251218173000 +0800" stop="20251218180000 +0800" channel="东方财经">
    <title lang="zh">创时代</title>
    <desc lang="zh">创时代</desc>
  </programme>
  <programme start="20251218180000 +0800" stop="20251218183000 +0800" channel="东方财经">
    <title lang="zh">望江驿·遇见</title>
    <desc lang="zh">望江驿·遇见</desc>
  </programme>
  <programme start="20251218183000 +0800" stop="20251218190000 +0800" channel="东方财经">
    <title lang="zh">几何书房</title>
    <desc lang="zh">几何书房</desc>
  </programme>
  <programme start="20251218190000 +0800" stop="20251218191500 +0800" channel="东方财经">
    <title lang="zh">新闻制高点</title>
    <desc lang="zh">新闻制高点</desc>
  </programme>
  <programme start="20251218191500 +0800" stop="20251218193000 +0800" channel="东方财经">
    <title lang="zh">632观察</title>
    <desc lang="zh">632观察</desc>
  </programme>
  <programme start="20251218193000 +0800" stop="20251218194500 +0800" channel="东方财经">
    <title lang="zh">科创先行者</title>
    <desc lang="zh">科创先行者</desc>
  </programme>
  <programme start="20251218194500 +0800" stop="20251218200000 +0800" channel="东方财经">
    <title lang="zh">直击引领区</title>
    <desc lang="zh">直击引领区</desc>
  </programme>
  <programme start="20251218200000 +0800" stop="20251218203000 +0800" channel="东方财经">
    <title lang="zh">文化访谈录</title>
    <desc lang="zh">文化访谈录</desc>
  </programme>
  <programme start="20251218203000 +0800" stop="20251218210000 +0800" channel="东方财经">
    <title lang="zh">望江驿·遇见</title>
    <desc lang="zh">望江驿·遇见</desc>
  </programme>
  <programme start="20251218210000 +0800" stop="20251218214000 +0800" channel="东方财经">
    <title lang="zh">财经夜行线</title>
    <desc lang="zh">财经夜行线</desc>
  </programme>
  <programme start="20251218214000 +0800" stop="20251218220000 +0800" channel="东方财经">
    <title lang="zh">直击引领区</title>
    <desc lang="zh">直击引领区</desc>
  </programme>
  <programme start="20251218220000 +0800" stop="20251218221500 +0800" channel="东方财经">
    <title lang="zh">新闻制高点</title>
    <desc lang="zh">新闻制高点</desc>
  </programme>
  <programme start="20251218221500 +0800" stop="20251218223000 +0800" channel="东方财经">
    <title lang="zh">632观察</title>
    <desc lang="zh">632观察</desc>
  </programme>
  <programme start="20251218223000 +0800" stop="20251218224500 +0800" channel="东方财经">
    <title lang="zh">科创先行者</title>
    <desc lang="zh">科创先行者</desc>
  </programme>
  <programme start="20251218224500 +0800" stop="20251218230000 +0800" channel="东方财经">
    <title lang="zh">文化访谈录</title>
    <desc lang="zh">文化访谈录</desc>
  </programme>
  <programme start="20251218230000 +0800" stop="20251218233000 +0800" channel="东方财经">
    <title lang="zh">望江驿·遇见</title>
    <desc lang="zh">望江驿·遇见</desc>
  </programme>
  <programme start="20251218233000 +0800" stop="20251219000000 +0800" channel="东方财经">
    <title lang="zh">直击引领区</title>
    <desc lang="zh">直击引领区</desc>
  </programme>
  <programme start="20251219000000 +0800" stop="20251219013000 +0800" channel="东方财经">
    <title lang="zh">纪录片</title>
    <desc lang="zh">纪录片</desc>
  </programme>
  <programme start="20251219013000 +0800" stop="20251219020000 +0800" channel="东方财经">
    <title lang="zh">创时代</title>
    <desc lang="zh">创时代</desc>
  </programme>
  <programme start="20251219060000 +0800" stop="20251219070000 +0800" channel="东方财经">
    <title lang="zh">今日股市</title>
    <desc lang="zh">今日股市</desc>
  </programme>
  <programme start="20251219070000 +0800" stop="20251219073000 +0800" channel="东方财经">
    <title lang="zh">文化访谈录</title>
    <desc lang="zh">文化访谈录</desc>
  </programme>
  <programme start="20251219073000 +0800" stop="20251219080000 +0800" channel="东方财经">
    <title lang="zh">望江驿·遇见</title>
    <desc lang="zh">望江驿·遇见</desc>
  </programme>
  <programme start="20251219080000 +0800" stop="20251219083000 +0800" channel="东方财经">
    <title lang="zh">直击引领区</title>
    <desc lang="zh">直击引领区</desc>
  </programme>
  <programme start="20251219083000 +0800" stop="20251219090000 +0800" channel="东方财经">
    <title lang="zh">创时代</title>
    <desc lang="zh">创时代</desc>
  </programme>
  <programme start="20251219090000 +0800" stop="20251219120000 +0800" channel="东方财经">
    <title lang="zh">市场零距离</title>
    <desc lang="zh">市场零距离</desc>
  </programme>
  <programme start="20251219120000 +0800" stop="20251219123000 +0800" channel="东方财经">
    <title lang="zh">直击引领区</title>
    <desc lang="zh">直击引领区</desc>
  </programme>
  <programme start="20251219123000 +0800" stop="20251219124500 +0800" channel="东方财经">
    <title lang="zh">632观察</title>
    <desc lang="zh">632观察</desc>
  </programme>
  <programme start="20251219124500 +0800" stop="20251219130000 +0800" channel="东方财经">
    <title lang="zh">科创先行者</title>
    <desc lang="zh">科创先行者</desc>
  </programme>
  <programme start="20251219130000 +0800" stop="20251219150000 +0800" channel="东方财经">
    <title lang="zh">市场零距离</title>
    <desc lang="zh">市场零距离</desc>
  </programme>
  <programme start="20251219150000 +0800" stop="20251219160000 +0800" channel="东方财经">
    <title lang="zh">创时代</title>
    <desc lang="zh">创时代</desc>
  </programme>
  <programme start="20251219160000 +0800" stop="20251219170000 +0800" channel="东方财经">
    <title lang="zh">纪录片</title>
    <desc lang="zh">纪录片</desc>
  </programme>
  <programme start="20251219170000 +0800" stop="20251219173000 +0800" channel="东方财经">
    <title lang="zh">科创新视野</title>
    <desc lang="zh">科创新视野</desc>
  </programme>
  <programme start="20251219173000 +0800" stop="20251219180000 +0800" channel="东方财经">
    <title lang="zh">创时代</title>
    <desc lang="zh">创时代</desc>
  </programme>
  <programme start="20251219180000 +0800" stop="20251219183000 +0800" channel="东方财经">
    <title lang="zh">望江驿·遇见</title>
    <desc lang="zh">望江驿·遇见</desc>
  </programme>
  <programme start="20251219183000 +0800" stop="20251219190000 +0800" channel="东方财经">
    <title lang="zh">几何书房</title>
    <desc lang="zh">几何书房</desc>
  </programme>
  <programme start="20251219190000 +0800" stop="20251219191500 +0800" channel="东方财经">
    <title lang="zh">新闻制高点</title>
    <desc lang="zh">新闻制高点</desc>
  </programme>
  <programme start="20251219191500 +0800" stop="20251219193000 +0800" channel="东方财经">
    <title lang="zh">632观察</title>
    <desc lang="zh">632观察</desc>
  </programme>
  <programme start="20251219193000 +0800" stop="20251219194500 +0800" channel="东方财经">
    <title lang="zh">科创先行者</title>
    <desc lang="zh">科创先行者</desc>
  </programme>
  <programme start="20251219194500 +0800" stop="20251219200000 +0800" channel="东方财经">
    <title lang="zh">直击引领区</title>
    <desc lang="zh">直击引领区</desc>
  </programme>
  <programme start="20251219200000 +0800" stop="20251219203000 +0800" channel="东方财经">
    <title lang="zh">文化访谈录</title>
    <desc lang="zh">文化访谈录</desc>
  </programme>
  <programme start="20251219203000 +0800" stop="20251219210000 +0800" channel="东方财经">
    <title lang="zh">望江驿·遇见</title>
    <desc lang="zh">望江驿·遇见</desc>
  </programme>
  <programme start="20251219210000 +0800" stop="20251219214000 +0800" channel="东方财经">
    <title lang="zh">财经夜行线</title>
    <desc lang="zh">财经夜行线</desc>
  </programme>
  <programme start="20251219214000 +0800" stop="20251219220000 +0800" channel="东方财经">
    <title lang="zh">直击引领区</title>
    <desc lang="zh">直击引领区</desc>
  </programme>
  <programme start="20251219220000 +0800" stop="20251219221500 +0800" channel="东方财经">
    <title lang="zh">新闻制高点</title>
    <desc lang="zh">新闻制高点</desc>
  </programme>
  <programme start="20251219221500 +0800" stop="20251219223000 +0800" channel="东方财经">
    <title lang="zh">632观察</title>
    <desc lang="zh">632观察</desc>
  </programme>
  <programme start="20251219223000 +0800" stop="20251219224500 +0800" channel="东方财经">
    <title lang="zh">科创先行者</title>
    <desc lang="zh">科创先行者</desc>
  </programme>
  <programme start="20251219224500 +0800" stop="20251219230000 +0800" channel="东方财经">
    <title lang="zh">文化访谈录</title>
    <desc lang="zh">文化访谈录</desc>
  </programme>
  <programme start="20251219230000 +0800" stop="20251219233000 +0800" channel="东方财经">
    <title lang="zh">望江驿·遇见</title>
    <desc lang="zh">望江驿·遇见</desc>
  </programme>
  <programme start="20251219233000 +0800" stop="20251220000000 +0800" channel="东方财经">
    <title lang="zh">直击引领区</title>
    <desc lang="zh">直击引领区</desc>
  </programme>
  <programme start="20251220000000 +0800" stop="20251220013000 +0800" channel="东方财经">
    <title lang="zh">纪录片</title>
    <desc lang="zh">纪录片</desc>
  </programme>
  <programme start="20251220013000 +0800" stop="20251220020000 +0800" channel="东方财经">
    <title lang="zh">创时代</title>
    <desc lang="zh">创时代</desc>
  </programme>
  <programme start="20251220060000 +0800" stop="20251220070000 +0800" channel="东方财经">
    <title lang="zh">创赢未来</title>
    <desc lang="zh">创赢未来</desc>
  </programme>
  <programme start="20251220070000 +0800" stop="20251220073000 +0800" channel="东方财经">
    <title lang="zh">创时代</title>
    <desc lang="zh">创时代</desc>
  </programme>
  <programme start="20251220073000 +0800" stop="20251220080000 +0800" channel="东方财经">
    <title lang="zh">中国经营者</title>
    <desc lang="zh">中国经营者</desc>
  </programme>
  <programme start="20251220080000 +0800" stop="20251220083000 +0800" channel="东方财经">
    <title lang="zh">聚焦引领区</title>
    <desc lang="zh">聚焦引领区</desc>
  </programme>
  <programme start="20251220083000 +0800" stop="20251220090000 +0800" channel="东方财经">
    <title lang="zh">几何书房</title>
    <desc lang="zh">几何书房</desc>
  </programme>
  <programme start="20251220090000 +0800" stop="20251220093000 +0800" channel="东方财经">
    <title lang="zh">文化访谈录</title>
    <desc lang="zh">文化访谈录</desc>
  </programme>
  <programme start="20251220093000 +0800" stop="20251220100000 +0800" channel="东方财经">
    <title lang="zh">直击引领区</title>
    <desc lang="zh">直击引领区</desc>
  </programme>
  <programme start="20251220100000 +0800" stop="20251220103000 +0800" channel="东方财经">
    <title lang="zh">浦东新脸谱</title>
    <desc lang="zh">浦东新脸谱</desc>
  </programme>
  <programme start="20251220103000 +0800" stop="20251220111500 +0800" channel="东方财经">
    <title lang="zh">中国经济论坛</title>
    <desc lang="zh">中国经济论坛</desc>
  </programme>
  <programme start="20251220111500 +0800" stop="20251220113000 +0800" channel="东方财经">
    <title lang="zh">文化访谈录</title>
    <desc lang="zh">文化访谈录</desc>
  </programme>
  <programme start="20251220113000 +0800" stop="20251220120000 +0800" channel="东方财经">
    <title lang="zh">创时代</title>
    <desc lang="zh">创时代</desc>
  </programme>
  <programme start="20251220120000 +0800" stop="20251220130000 +0800" channel="东方财经">
    <title lang="zh">创赢未来</title>
    <desc lang="zh">创赢未来</desc>
  </programme>
  <programme start="20251220130000 +0800" stop="20251220150000 +0800" channel="东方财经">
    <title lang="zh">纪录片</title>
    <desc lang="zh">纪录片</desc>
  </programme>
  <programme start="20251220150000 +0800" stop="20251220153000 +0800" channel="东方财经">
    <title lang="zh">直击引领区</title>
    <desc lang="zh">直击引领区</desc>
  </programme>
  <programme start="20251220153000 +0800" stop="20251220160000 +0800" channel="东方财经">
    <title lang="zh">聚焦引领区</title>
    <desc lang="zh">聚焦引领区</desc>
  </programme>
  <programme start="20251220160000 +0800" stop="20251220164500 +0800" channel="东方财经">
    <title lang="zh">中国经济论坛</title>
    <desc lang="zh">中国经济论坛</desc>
  </programme>
  <programme start="20251220164500 +0800" stop="20251220170000 +0800" channel="东方财经">
    <title lang="zh">望江驿·遇见</title>
    <desc lang="zh">望江驿·遇见</desc>
  </programme>
  <programme start="20251220170000 +0800" stop="20251220173000 +0800" channel="东方财经">
    <title lang="zh">直击引领区</title>
    <desc lang="zh">直击引领区</desc>
  </programme>
  <programme start="20251220173000 +0800" stop="20251220180000 +0800" channel="东方财经">
    <title lang="zh">创时代</title>
    <desc lang="zh">创时代</desc>
  </programme>
  <programme start="20251220180000 +0800" stop="20251220183000 +0800" channel="东方财经">
    <title lang="zh">几何书房</title>
    <desc lang="zh">几何书房</desc>
  </programme>
  <programme start="20251220183000 +0800" stop="20251220190000 +0800" channel="东方财经">
    <title lang="zh">望江驿·遇见</title>
    <desc lang="zh">望江驿·遇见</desc>
  </programme>
  <programme start="20251220190000 +0800" stop="20251220193000 +0800" channel="东方财经">
    <title lang="zh">文化访谈录</title>
    <desc lang="zh">文化访谈录</desc>
  </programme>
  <programme start="20251220193000 +0800" stop="20251220200000 +0800" channel="东方财经">
    <title lang="zh">聚焦引领区</title>
    <desc lang="zh">聚焦引领区</desc>
  </programme>
  <programme start="20251220200000 +0800" stop="20251220203000 +0800" channel="东方财经">
    <title lang="zh">经济人物访谈录</title>
    <desc lang="zh">经济人物访谈录</desc>
  </programme>
  <programme start="20251220203000 +0800" stop="20251220210000 +0800" channel="东方财经">
    <title lang="zh">创时代</title>
    <desc lang="zh">创时代</desc>
  </programme>
  <programme start="20251220210000 +0800" stop="20251220220000 +0800" channel="东方财经">
    <title lang="zh">直击引领区</title>
    <desc lang="zh">直击引领区</desc>
  </programme>
  <programme start="20251220220000 +0800" stop="20251220223000 +0800" channel="东方财经">
    <title lang="zh">望江驿·遇见</title>
    <desc lang="zh">望江驿·遇见</desc>
  </programme>
  <programme start="20251220223000 +0800" stop="20251220230000 +0800" channel="东方财经">
    <title lang="zh">文化访谈录</title>
    <desc lang="zh">文化访谈录</desc>
  </programme>
  <programme start="20251220230000 +0800" stop="20251220233000 +0800" channel="东方财经">
    <title lang="zh">创时代</title>
    <desc lang="zh">创时代</desc>
  </programme>
  <programme start="20251220233000 +0800" stop="20251221000000 +0800" channel="东方财经">
    <title lang="zh">几何书房</title>
    <desc lang="zh">几何书房</desc>
  </programme>
  <programme start="20251221000000 +0800" stop="20251221013000 +0800" channel="东方财经">
    <title lang="zh">纪录片</title>
    <desc lang="zh">纪录片</desc>
  </programme>
  <programme start="20251221013000 +0800" stop="20251221020000 +0800" channel="东方财经">
    <title lang="zh">文化访谈录</title>
    <desc lang="zh">文化访谈录</desc>
  </programme>
</tv>
