页面 1 日期: Dec 22, 2025, 节目数量: 18
页面 2 日期: Dec 23, 2025, 节目数量: 16
页面 3 日期: Dec 24, 2025, 节目数量: 16
页面 4 日期: Dec 25, 2025, 节目数量: 16
<?xml version="1.0" encoding="UTF-8"?>
<!DOCTYPE tv SYSTEM "http://api.torrent-tv.ru/xmltv.dtd">
<tv generator-info-name="http://192.168.10.1/system/opt/" generator-info-url="QQ">
  <channel id="Dubai One">
    <display-name lang="en">Dubai One</display-name>
  </channel>
  <programme start="20251222000000 +0400" stop="20251222020000 +0400" channel="Dubai One">
    <title lang="en">Monsters and Men</title>
    <desc lang="en">One moment can change everything</desc>
  </programme>
  <programme start="20251222020000 +0400" stop="20251222023000 +0400" channel="Dubai One">
    <title lang="en">Hollywood News Feed</title>
    <desc lang="en">Hottest entertainment news of the week!</desc>
  </programme>
  <programme start="20251222023000 +0400" stop="20251222030000 +0400" channel="Dubai One">
    <title lang="en">Hollywood on Set</title>
    <desc lang="en">The making of blockbuster movies</desc>
  </programme>
  <programme start="20251222030000 +0400" stop="20251222040000 +0400" channel="Dubai One">
    <title lang="en">Professor T</title>
  </programme>
  <programme start="20251222040000 +0400" stop="20251222060000 +0400" channel="Dubai One">
    <title lang="en">The Son</title>
  </programme>
  <programme start="20251222060000 +0400" stop="20251222100000 +0400" channel="Dubai One">
    <title lang="en">Dubai Eye On Dubai One</title>
    <desc lang="en">Magazine show featuring news and current affairs</desc>
  </programme>
  <programme start="20251222100000 +0400" stop="20251222110000 +0400" channel="Dubai One">
    <title lang="en">Las hijas de la Señora García</title>
    <desc lang="en">Mrs. Garcia strives to achieve her dream at cost of her daughters' happiness.</desc>
  </programme>
  <programme start="20251222110000 +0400" stop="20251222130000 +0400" channel="Dubai One">
    <title lang="en">Our Little Sister</title>
    <desc lang="en">Three sisters took in their younger half-sister after their father died</desc>
  </programme>
  <programme start="20251222130000 +0400" stop="20251222150000 +0400" channel="Dubai One">
    <title lang="en">The Son</title>
  </programme>
  <programme start="20251222150000 +0400" stop="20251222160000 +0400" channel="Dubai One">
    <title lang="en">DXB Today</title>
    <desc lang="en">Your guide to what's happening in Dubai!</desc>
  </programme>
  <programme start="20251222160000 +0400" stop="20251222170000 +0400" channel="Dubai One">
    <title lang="en">Las hijas de la Señora García</title>
    <desc lang="en">Mrs. Garcia strives to achieve her dream at cost of her daughters' happiness.</desc>
  </programme>
  <programme start="20251222170000 +0400" stop="20251222190000 +0400" channel="Dubai One">
    <title lang="en">Monsters and Men</title>
    <desc lang="en">One moment can change everything</desc>
  </programme>
  <programme start="20251222190000 +0400" stop="20251222193000 +0400" channel="Dubai One">
    <title lang="en">Hollywood on Set</title>
    <desc lang="en">The making of blockbuster movies</desc>
  </programme>
  <programme start="20251222193000 +0400" stop="20251222200000 +0400" channel="Dubai One">
    <title lang="en">City of Summits</title>
  </programme>
  <programme start="20251222200000 +0400" stop="20251222203000 +0400" channel="Dubai One">
    <title lang="en">Emirates News Emirates News</title>
    <desc lang="en">Be the First to Know.</desc>
  </programme>
  <programme start="20251222203000 +0400" stop="20251222213000 +0400" channel="Dubai One">
    <title lang="en">DXB Today</title>
    <desc lang="en">Your guide to what's happening in Dubai!</desc>
  </programme>
  <programme start="20251222213000 +0400" stop="20251222223000 +0400" channel="Dubai One">
    <title lang="en">Las hijas de la Señora García</title>
    <desc lang="en">Mrs. Garcia strives to achieve her dream at cost of her daughters' happiness.</desc>
  </programme>
  <programme start="20251222223000 +0400" stop="20251223003000 +0400" channel="Dubai One">
    <title lang="en">King Richard</title>
    <desc lang="en">Venus, Serena and a plan for greatness.</desc>
  </programme>
  <programme start="20251223003000 +0400" stop="20251223023000 +0400" channel="Dubai One">
    <title lang="en">The Story of My Wife</title>
  </programme>
  <programme start="20251223023000 +0400" stop="20251223030000 +0400" channel="Dubai One">
    <title lang="en">Emirates News Emirates News</title>
    <desc lang="en">Be the First to Know.</desc>
  </programme>
  <programme start="20251223030000 +0400" stop="20251223040000 +0400" channel="Dubai One">
    <title lang="en">Las hijas de la Señora García</title>
    <desc lang="en">Mrs. Garcia strives to achieve her dream at cost of her daughters' happiness.</desc>
  </programme>
  <programme start="20251223040000 +0400" stop="20251223060000 +0400" channel="Dubai One">
    <title lang="en">King Richard</title>
    <desc lang="en">Venus, Serena and a plan for greatness.</desc>
  </programme>
  <programme start="20251223060000 +0400" stop="20251223100000 +0400" channel="Dubai One">
    <title lang="en">Dubai Eye On Dubai One</title>
    <desc lang="en">Magazine show featuring news and current affairs</desc>
  </programme>
  <programme start="20251223100000 +0400" stop="20251223110000 +0400" channel="Dubai One">
    <title lang="en">Las hijas de la Señora García</title>
    <desc lang="en">Mrs. Garcia strives to achieve her dream at cost of her daughters' happiness.</desc>
  </programme>
  <programme start="20251223110000 +0400" stop="20251223130000 +0400" channel="Dubai One">
    <title lang="en">Monsters and Men</title>
    <desc lang="en">One moment can change everything</desc>
  </programme>
  <programme start="20251223130000 +0400" stop="20251223150000 +0400" channel="Dubai One">
    <title lang="en">King Richard</title>
    <desc lang="en">Venus, Serena and a plan for greatness.</desc>
  </programme>
  <programme start="20251223150000 +0400" stop="20251223160000 +0400" channel="Dubai One">
    <title lang="en">DXB Today</title>
    <desc lang="en">Your guide to what's happening in Dubai!</desc>
  </programme>
  <programme start="20251223160000 +0400" stop="20251223170000 +0400" channel="Dubai One">
    <title lang="en">Las hijas de la Señora García</title>
    <desc lang="en">Mrs. Garcia strives to achieve her dream at cost of her daughters' happiness.</desc>
  </programme>
  <programme start="20251223170000 +0400" stop="20251223180000 +0400" channel="Dubai One">
    <title lang="en">The Story of My Wife</title>
  </programme>
  <programme start="20251223180000 +0400" stop="20251223200000 +0400" channel="Dubai One">
    <title lang="en">Homegrown DXB</title>
    <desc lang="en">Home Grown Dubai will highlight the businesses and people who are not only making a difference in our country but across the world.</desc>
  </programme>
  <programme start="20251223200000 +0400" stop="20251223203000 +0400" channel="Dubai One">
    <title lang="en">Emirates News Emirates News</title>
    <desc lang="en">Be the First to Know.</desc>
  </programme>
  <programme start="20251223203000 +0400" stop="20251223213000 +0400" channel="Dubai One">
    <title lang="en">DXB Today</title>
    <desc lang="en">Your guide to what's happening in Dubai!</desc>
  </programme>
  <programme start="20251223213000 +0400" stop="20251223223000 +0400" channel="Dubai One">
    <title lang="en">Las hijas de la Señora García</title>
    <desc lang="en">Mrs. Garcia strives to achieve her dream at cost of her daughters' happiness.</desc>
  </programme>
  <programme start="20251223223000 +0400" stop="20251224003000 +0400" channel="Dubai One">
    <title lang="en">The Hating Game</title>
    <desc lang="en">He's the One She Loves to Hate</desc>
  </programme>
  <programme start="20251224003000 +0400" stop="20251224023000 +0400" channel="Dubai One">
    <title lang="en">Face Off</title>
    <desc lang="en">The ordeal of superheroic, singularly dedicated FBI agent...</desc>
  </programme>
  <programme start="20251224023000 +0400" stop="20251224030000 +0400" channel="Dubai One">
    <title lang="en">Emirates News Emirates News</title>
    <desc lang="en">Be the First to Know.</desc>
  </programme>
  <programme start="20251224030000 +0400" stop="20251224040000 +0400" channel="Dubai One">
    <title lang="en">Las hijas de la Señora García</title>
    <desc lang="en">Mrs. Garcia strives to achieve her dream at cost of her daughters' happiness.</desc>
  </programme>
  <programme start="20251224040000 +0400" stop="20251224060000 +0400" channel="Dubai One">
    <title lang="en">The Hating Game</title>
    <desc lang="en">He's the One She Loves to Hate</desc>
  </programme>
  <programme start="20251224060000 +0400" stop="20251224100000 +0400" channel="Dubai One">
    <title lang="en">Dubai Eye On Dubai One</title>
    <desc lang="en">Magazine show featuring news and current affairs</desc>
  </programme>
  <programme start="20251224100000 +0400" stop="20251224110000 +0400" channel="Dubai One">
    <title lang="en">Las hijas de la Señora García</title>
    <desc lang="en">Mrs. Garcia strives to achieve her dream at cost of her daughters' happiness.</desc>
  </programme>
  <programme start="20251224110000 +0400" stop="20251224130000 +0400" channel="Dubai One">
    <title lang="en">The Story of My Wife</title>
  </programme>
  <programme start="20251224130000 +0400" stop="20251224150000 +0400" channel="Dubai One">
    <title lang="en">The Hating Game</title>
    <desc lang="en">He's the One She Loves to Hate</desc>
  </programme>
  <programme start="20251224150000 +0400" stop="20251224160000 +0400" channel="Dubai One">
    <title lang="en">DXB Today</title>
    <desc lang="en">Your guide to what's happening in Dubai!</desc>
  </programme>
  <programme start="20251224160000 +0400" stop="20251224170000 +0400" channel="Dubai One">
    <title lang="en">Las hijas de la Señora García</title>
    <desc lang="en">Mrs. Garcia strives to achieve her dream at cost of her daughters' happiness.</desc>
  </programme>
  <programme start="20251224170000 +0400" stop="20251224190000 +0400" channel="Dubai One">
    <title lang="en">Face Off</title>
    <desc lang="en">The ordeal of superheroic, singularly dedicated FBI agent...</desc>
  </programme>
  <programme start="20251224190000 +0400" stop="20251224200000 +0400" channel="Dubai One">
    <title lang="en">Professor T</title>
  </programme>
  <programme start="20251224200000 +0400" stop="20251224203000 +0400" channel="Dubai One">
    <title lang="en">Emirates News Emirates News</title>
    <desc lang="en">Be the First to Know.</desc>
  </programme>
  <programme start="20251224203000 +0400" stop="20251224213000 +0400" channel="Dubai One">
    <title lang="en">DXB Today</title>
    <desc lang="en">Your guide to what's happening in Dubai!</desc>
  </programme>
  <programme start="20251224213000 +0400" stop="20251224223000 +0400" channel="Dubai One">
    <title lang="en">Las hijas de la Señora García</title>
    <desc lang="en">Mrs. Garcia strives to achieve her dream at cost of her daughters' happiness.</desc>
  </programme>
  <programme start="20251224223000 +0400" stop="20251225003000 +0400" channel="Dubai One">
    <title lang="en">The Sound of Music</title>
  </programme>
  <programme start="20251225003000 +0400" stop="20251225023000 +0400" channel="Dubai One">
    <title lang="en">I Love My Dad</title>
    <desc lang="en">They've never been closer.</desc>
  </programme>
  <programme start="20251225023000 +0400" stop="20251225030000 +0400" channel="Dubai One">
    <title lang="en">Emirates News Emirates News</title>
    <desc lang="en">Be the First to Know.</desc>
  </programme>
  <programme start="20251225030000 +0400" stop="20251225060000 +0400" channel="Dubai One">
    <title lang="en">Las hijas de la Señora García</title>
    <desc lang="en">Mrs. Garcia strives to achieve her dream at cost of her daughters' happiness.</desc>
  </programme>
  <programme start="20251225060000 +0400" stop="20251225080000 +0400" channel="Dubai One">
    <title lang="en">Face Off</title>
    <desc lang="en">The ordeal of superheroic, singularly dedicated FBI agent...</desc>
  </programme>
  <programme start="20251225080000 +0400" stop="20251225090000 +0400" channel="Dubai One">
    <title lang="en">DXB Today</title>
    <desc lang="en">Your guide to what's happening in Dubai!</desc>
  </programme>
  <programme start="20251225090000 +0400" stop="20251225100000 +0400" channel="Dubai One">
    <title lang="en">Homegrown DXB</title>
    <desc lang="en">Home Grown Dubai will highlight the businesses and people who are not only making a difference in our country but across the world.</desc>
  </programme>
  <programme start="20251225100000 +0400" stop="20251225140000 +0400" channel="Dubai One">
    <title lang="en">Las hijas de la Señora García</title>
    <desc lang="en">Mrs. Garcia strives to achieve her dream at cost of her daughters' happiness.</desc>
  </programme>
  <programme start="20251225140000 +0400" stop="20251225150000 +0400" channel="Dubai One">
    <title lang="en">Grand Designs</title>
  </programme>
  <programme start="20251225150000 +0400" stop="20251225160000 +0400" channel="Dubai One">
    <title lang="en">DXB Today</title>
    <desc lang="en">Your guide to what's happening in Dubai!</desc>
  </programme>
  <programme start="20251225160000 +0400" stop="20251225170000 +0400" channel="Dubai One">
    <title lang="en">Las hijas de la Señora García</title>
    <desc lang="en">Mrs. Garcia strives to achieve her dream at cost of her daughters' happiness.</desc>
  </programme>
  <programme start="20251225170000 +0400" stop="20251225190000 +0400" channel="Dubai One">
    <title lang="en">I Love My Dad</title>
    <desc lang="en">They've never been closer.</desc>
  </programme>
  <programme start="20251225190000 +0400" stop="20251225200000 +0400" channel="Dubai One">
    <title lang="en">Professor T</title>
  </programme>
  <programme start="20251225200000 +0400" stop="20251225203000 +0400" channel="Dubai One">
    <title lang="en">Emirates News Emirates News</title>
    <desc lang="en">Be the First to Know.</desc>
  </programme>
  <programme start="20251225203000 +0400" stop="20251225213000 +0400" channel="Dubai One">
    <title lang="en">DXB Today</title>
    <desc lang="en">Your guide to what's happening in Dubai!</desc>
  </programme>
  <programme start="20251225213000 +0400" stop="20251225223000 +0400" channel="Dubai One">
    <title lang="en">Las hijas de la Señora García</title>
    <desc lang="en">Mrs. Garcia strives to achieve her dream at cost of her daughters' happiness.</desc>
  </programme>
  <programme start="20251225223000 +0400" stop="20251226000000 +0400" channel="Dubai One">
    <title lang="en">Home Alone</title>
    <desc lang="en">Bring Home The Laughter This Holiday Season!</desc>
  </programme>
</tv>
