PHP Notice:  Undefined offset: 1 in /home/runner/work/mk/mk/epgofiii.php on line 121
Failed to decode JSON for channel: 中視
PHP Notice:  Undefined offset: 1 in /home/runner/work/mk/mk/epgofiii.php on line 121
Failed to decode JSON for channel: 華視
PHP Notice:  Undefined offset: 1 in /home/runner/work/mk/mk/epgofiii.php on line 121
Failed to decode JSON for channel: 好消息2台
PHP Notice:  Undefined offset: 1 in /home/runner/work/mk/mk/epgofiii.php on line 121
Failed to decode JSON for channel: 好消息
PHP Notice:  Undefined offset: 1 in /home/runner/work/mk/mk/epgofiii.php on line 121
Failed to decode JSON for channel: ELTV生活英語台
PHP Notice:  Undefined offset: 1 in /home/runner/work/mk/mk/epgofiii.php on line 121
Failed to decode JSON for channel: 龍華卡通台
PHP Notice:  Undefined offset: 1 in /home/runner/work/mk/mk/epgofiii.php on line 121
Failed to decode JSON for channel: 亞洲旅遊台
PHP Notice:  Undefined offset: 1 in /home/runner/work/mk/mk/epgofiii.php on line 121
Failed to decode JSON for channel: Smart知識台
PHP Notice:  Undefined offset: 1 in /home/runner/work/mk/mk/epgofiii.php on line 121
Failed to decode JSON for channel: 龍華戲劇台
PHP Notice:  Undefined offset: 1 in /home/runner/work/mk/mk/epgofiii.php on line 121
Failed to decode JSON for channel: 台灣戲劇台
PHP Notice:  Undefined offset: 1 in /home/runner/work/mk/mk/epgofiii.php on line 121
Failed to decode JSON for channel: 東森購物1台
PHP Notice:  Undefined offset: 1 in /home/runner/work/mk/mk/epgofiii.php on line 121
Failed to decode JSON for channel: 龍華偶像台
PHP Notice:  Undefined offset: 1 in /home/runner/work/mk/mk/epgofiii.php on line 121
Failed to decode JSON for channel: 龍華日韓台
PHP Notice:  Undefined offset: 1 in /home/runner/work/mk/mk/epgofiii.php on line 121
Failed to decode JSON for channel: 東森購物2台
PHP Notice:  Undefined offset: 1 in /home/runner/work/mk/mk/epgofiii.php on line 121
Failed to decode JSON for channel: 華視新聞
PHP Notice:  Undefined offset: 1 in /home/runner/work/mk/mk/epgofiii.php on line 121
Failed to decode JSON for channel: 倪珍播新聞
PHP Notice:  Undefined offset: 1 in /home/runner/work/mk/mk/epgofiii.php on line 121
Failed to decode JSON for channel: 三立新聞iNEWS
PHP Notice:  Undefined offset: 1 in /home/runner/work/mk/mk/epgofiii.php on line 121
Failed to decode JSON for channel: 寰宇財經台
PHP Notice:  Undefined offset: 1 in /home/runner/work/mk/mk/epgofiii.php on line 121
Failed to decode JSON for channel: 中視新聞
PHP Notice:  Undefined offset: 1 in /home/runner/work/mk/mk/epgofiii.php on line 121
Failed to decode JSON for channel: 中天新聞台
PHP Notice:  Undefined offset: 1 in /home/runner/work/mk/mk/epgofiii.php on line 121
Failed to decode JSON for channel: 寰宇新聞台灣台
PHP Notice:  Undefined offset: 1 in /home/runner/work/mk/mk/epgofiii.php on line 121
Failed to decode JSON for channel: 寰宇新聞台
PHP Notice:  Undefined offset: 1 in /home/runner/work/mk/mk/epgofiii.php on line 121
Failed to decode JSON for channel: 第1商業台
PHP Notice:  Undefined offset: 1 in /home/runner/work/mk/mk/epgofiii.php on line 121
Failed to decode JSON for channel: 國會頻道1台
PHP Notice:  Undefined offset: 1 in /home/runner/work/mk/mk/epgofiii.php on line 121
Failed to decode JSON for channel: 國會頻道2台
PHP Notice:  Undefined offset: 1 in /home/runner/work/mk/mk/epgofiii.php on line 121
Failed to decode JSON for channel: 龍華經典台
PHP Notice:  Undefined offset: 1 in /home/runner/work/mk/mk/epgofiii.php on line 121
Failed to decode JSON for channel: 龍華電影台
PHP Notice:  Undefined offset: 1 in /home/runner/work/mk/mk/epgofiii.php on line 121
Failed to decode JSON for channel: 龍華洋片台
PHP Notice:  Undefined offset: 1 in /home/runner/work/mk/mk/epgofiii.php on line 364
No valid program data found for channel: 公視金獎台
PHP Notice:  Undefined offset: 1 in /home/runner/work/mk/mk/epgofiii.php on line 364
No valid program data found for channel: 空中英語教室HD頻道
PHP Notice:  Undefined offset: 1 in /home/runner/work/mk/mk/epgofiii.php on line 364
No valid program data found for channel: 哆啦Ａ夢台
PHP Notice:  Undefined offset: 1 in /home/runner/work/mk/mk/epgofiii.php on line 364
No valid program data found for channel: 新哆啦A夢(中文版)
PHP Notice:  Undefined offset: 1 in /home/runner/work/mk/mk/epgofiii.php on line 364
No valid program data found for channel: 新哆啦A夢(中文版)2台
PHP Notice:  Undefined offset: 1 in /home/runner/work/mk/mk/epgofiii.php on line 364
No valid program data found for channel: TVBS食尚玩家
PHP Notice:  Undefined offset: 1 in /home/runner/work/mk/mk/epgofiii.php on line 364
No valid program data found for channel: 東森娛樂台
PHP Notice:  Undefined offset: 1 in /home/runner/work/mk/mk/epgofiii.php on line 364
No valid program data found for channel: 中天亞洲精采台
PHP Notice:  Undefined offset: 1 in /home/runner/work/mk/mk/epgofiii.php on line 364
No valid program data found for channel: 經典劇場
PHP Notice:  Undefined offset: 1 in /home/runner/work/mk/mk/epgofiii.php on line 364
No valid program data found for channel: 短劇馬拉松
PHP Notice:  Undefined offset: 1 in /home/runner/work/mk/mk/epgofiii.php on line 364
No valid program data found for channel: Yes娛樂
PHP Notice:  Undefined offset: 1 in /home/runner/work/mk/mk/epgofiii.php on line 364
No valid program data found for channel: Focus風采戲劇台
PHP Notice:  Undefined offset: 1 in /home/runner/work/mk/mk/epgofiii.php on line 364
No valid program data found for channel: 掏掏新聞
PHP Notice:  Undefined offset: 1 in /home/runner/work/mk/mk/epgofiii.php on line 364
No valid program data found for channel: 國際大小事
PHP Notice:  Undefined offset: 1 in /home/runner/work/mk/mk/epgofiii.php on line 364
No valid program data found for channel: 第1財經
PHP Notice:  Undefined offset: 1 in /home/runner/work/mk/mk/epgofiii.php on line 364
No valid program data found for channel: Golden 強片台
PHP Notice:  Undefined offset: 1 in /home/runner/work/mk/mk/epgofiii.php on line 364
No valid program data found for channel: 周星馳台
PHP Notice:  Undefined offset: 1 in /home/runner/work/mk/mk/epgofiii.php on line 364
No valid program data found for channel: 歐飛電影台
PHP Notice:  Undefined offset: 1 in /home/runner/work/mk/mk/epgofiii.php on line 364
No valid program data found for channel: 歐飛動作電影台
PHP Notice:  Undefined offset: 1 in /home/runner/work/mk/mk/epgofiii.php on line 364
No valid program data found for channel: Golden影迷台
PHP Notice:  Undefined offset: 1 in /home/runner/work/mk/mk/epgofiii.php on line 364
No valid program data found for channel: 全民星攻略 知識開箱
PHP Notice:  Undefined offset: 1 in /home/runner/work/mk/mk/epgofiii.php on line 364
No valid program data found for channel: Focus探索新知台
PHP Notice:  Undefined offset: 1 in /home/runner/work/mk/mk/epgofiii.php on line 364
No valid program data found for channel: 鄉民大學問
PHP Notice:  Undefined offset: 1 in /home/runner/work/mk/mk/epgofiii.php on line 364
No valid program data found for channel: 社會NOW什麼
PHP Notice:  Undefined offset: 1 in /home/runner/work/mk/mk/epgofiii.php on line 364
No valid program data found for channel: 啦啦隊獨家專訪
PHP Notice:  Undefined offset: 1 in /home/runner/work/mk/mk/epgofiii.php on line 364
No valid program data found for channel: 泰可愛旋風
PHP Notice:  Undefined offset: 1 in /home/runner/work/mk/mk/epgofiii.php on line 364
No valid program data found for channel: 演唱會直擊
PHP Notice:  Undefined offset: 1 in /home/runner/work/mk/mk/epgofiii.php on line 364
No valid program data found for channel: 健康問良醫
PHP Notice:  Undefined offset: 1 in /home/runner/work/mk/mk/epgofiii.php on line 364
No valid program data found for channel: ASMR行車紀錄
PHP Notice:  Undefined offset: 1 in /home/runner/work/mk/mk/epgofiii.php on line 364
No valid program data found for channel: Freeman @台灣
PHP Notice:  Undefined offset: 1 in /home/runner/work/mk/mk/epgofiii.php on line 364
No valid program data found for channel: 饕客揪愛吃
PHP Notice:  Undefined offset: 1 in /home/runner/work/mk/mk/epgofiii.php on line 364
No valid program data found for channel: 人氣動漫預告
PHP Notice:  Undefined offset: 1 in /home/runner/work/mk/mk/epgofiii.php on line 364
No valid program data found for channel: 九九敬老頻道
PHP Notice:  Undefined offset: 1 in /home/runner/work/mk/mk/epgofiii.php on line 364
No valid program data found for channel: 長安十二時辰
PHP Notice:  Undefined offset: 1 in /home/runner/work/mk/mk/epgofiii.php on line 364
No valid program data found for channel: 韶華若錦
PHP Notice:  Undefined offset: 1 in /home/runner/work/mk/mk/epgofiii.php on line 364
No valid program data found for channel: 白髮
PHP Notice:  Undefined offset: 1 in /home/runner/work/mk/mk/epgofiii.php on line 364
No valid program data found for channel: 三國
PHP Notice:  Undefined offset: 1 in /home/runner/work/mk/mk/epgofiii.php on line 364
No valid program data found for channel: 武媚娘傳奇
PHP Notice:  Undefined offset: 1 in /home/runner/work/mk/mk/epgofiii.php on line 364
No valid program data found for channel: 長樂曲
PHP Notice:  Undefined offset: 1 in /home/runner/work/mk/mk/epgofiii.php on line 364
No valid program data found for channel: 軍師聯盟
PHP Notice:  Undefined offset: 1 in /home/runner/work/mk/mk/epgofiii.php on line 364
No valid program data found for channel: 軍師聯盟2 虎嘯龍吟
PHP Notice:  Undefined offset: 1 in /home/runner/work/mk/mk/epgofiii.php on line 364
No valid program data found for channel: 國色芳華
PHP Notice:  Undefined offset: 1 in /home/runner/work/mk/mk/epgofiii.php on line 364
No valid program data found for channel: 落花時節又逢君
PHP Notice:  Undefined offset: 1 in /home/runner/work/mk/mk/epgofiii.php on line 364
No valid program data found for channel: 楚喬傳
PHP Notice:  Undefined offset: 1 in /home/runner/work/mk/mk/epgofiii.php on line 364
No valid program data found for channel: 倚天屠龍記 2019
PHP Notice:  Undefined offset: 1 in /home/runner/work/mk/mk/epgofiii.php on line 364
No valid program data found for channel: 鳳囚凰
PHP Notice:  Undefined offset: 1 in /home/runner/work/mk/mk/epgofiii.php on line 364
No valid program data found for channel: 步步驚心
PHP Notice:  Undefined offset: 1 in /home/runner/work/mk/mk/epgofiii.php on line 364
No valid program data found for channel: 九重紫
PHP Notice:  Undefined offset: 1 in /home/runner/work/mk/mk/epgofiii.php on line 364
No valid program data found for channel: 私藏浪漫
PHP Notice:  Undefined offset: 1 in /home/runner/work/mk/mk/epgofiii.php on line 364
No valid program data found for channel: 去有風的地方
PHP Notice:  Undefined offset: 1 in /home/runner/work/mk/mk/epgofiii.php on line 364
No valid program data found for channel: 佔有姜西
PHP Notice:  Undefined offset: 1 in /home/runner/work/mk/mk/epgofiii.php on line 364
No valid program data found for channel: 向風而行
PHP Notice:  Undefined offset: 1 in /home/runner/work/mk/mk/epgofiii.php on line 364
No valid program data found for channel: 以家人之名
PHP Notice:  Undefined offset: 1 in /home/runner/work/mk/mk/epgofiii.php on line 364
No valid program data found for channel: 有你的時光裡
PHP Notice:  Undefined offset: 1 in /home/runner/work/mk/mk/epgofiii.php on line 364
No valid program data found for channel: 我的差評女友
PHP Notice:  Undefined offset: 1 in /home/runner/work/mk/mk/epgofiii.php on line 364
No valid program data found for channel: 請叫我總監
PHP Notice:  Undefined offset: 1 in /home/runner/work/mk/mk/epgofiii.php on line 364
No valid program data found for channel: 三十而已
PHP Notice:  Undefined offset: 1 in /home/runner/work/mk/mk/epgofiii.php on line 364
No valid program data found for channel: 月嫂先生
PHP Notice:  Undefined offset: 1 in /home/runner/work/mk/mk/epgofiii.php on line 364
No valid program data found for channel: 綜藝大集合
PHP Notice:  Undefined offset: 1 in /home/runner/work/mk/mk/epgofiii.php on line 364
No valid program data found for channel: 豬哥壹級棒
PHP Notice:  Undefined offset: 1 in /home/runner/work/mk/mk/epgofiii.php on line 364
No valid program data found for channel: 鬼話連篇
PHP Notice:  Undefined offset: 1 in /home/runner/work/mk/mk/epgofiii.php on line 364
No valid program data found for channel: 醫師好辣
PHP Notice:  Undefined offset: 1 in /home/runner/work/mk/mk/epgofiii.php on line 364
No valid program data found for channel: WTO姐妹會
PHP Notice:  Undefined offset: 1 in /home/runner/work/mk/mk/epgofiii.php on line 364
No valid program data found for channel: 全民星攻略
PHP Notice:  Undefined offset: 1 in /home/runner/work/mk/mk/epgofiii.php on line 364
No valid program data found for channel: 健康2.0
PHP Notice:  Undefined offset: 1 in /home/runner/work/mk/mk/epgofiii.php on line 364
No valid program data found for channel: 台灣啟示錄
PHP Notice:  Undefined offset: 1 in /home/runner/work/mk/mk/epgofiii.php on line 364
No valid program data found for channel: 法眼黑與白
PHP Notice:  Undefined offset: 1 in /home/runner/work/mk/mk/epgofiii.php on line 364
No valid program data found for channel: 天才衝衝衝
PHP Notice:  Undefined offset: 1 in /home/runner/work/mk/mk/epgofiii.php on line 364
No valid program data found for channel: 一步一腳印 發現新台灣
PHP Notice:  Undefined offset: 1 in /home/runner/work/mk/mk/epgofiii.php on line 364
No valid program data found for channel: 女人我最大
PHP Notice:  Undefined offset: 1 in /home/runner/work/mk/mk/epgofiii.php on line 364
No valid program data found for channel: 威廉沈歡樂送
PHP Notice:  Undefined offset: 1 in /home/runner/work/mk/mk/epgofiii.php on line 364
No valid program data found for channel: 木曜4超玩 一日系列
PHP Notice:  Undefined offset: 1 in /home/runner/work/mk/mk/epgofiii.php on line 364
No valid program data found for channel: 月曜1起玩
PHP Notice:  Undefined offset: 1 in /home/runner/work/mk/mk/epgofiii.php on line 364
No valid program data found for channel: 一字千金
PHP Notice:  Undefined offset: 1 in /home/runner/work/mk/mk/epgofiii.php on line 364
No valid program data found for channel: 11點熱吵店
PHP Notice:  Undefined offset: 1 in /home/runner/work/mk/mk/epgofiii.php on line 364
No valid program data found for channel: 麥卡貝網路電視
PHP Notice:  Undefined offset: 1 in /home/runner/work/mk/mk/epgofiii.php on line 364
No valid program data found for channel: 回到20歲
PHP Notice:  Undefined offset: 1 in /home/runner/work/mk/mk/epgofiii.php on line 364
No valid program data found for channel: 白雪公主非死不可
PHP Notice:  Undefined offset: 1 in /home/runner/work/mk/mk/epgofiii.php on line 364
No valid program data found for channel: 好搭檔
PHP Notice:  Undefined offset: 1 in /home/runner/work/mk/mk/epgofiii.php on line 364
No valid program data found for channel: 月升之江
PHP Notice:  Undefined offset: 1 in /home/runner/work/mk/mk/epgofiii.php on line 364
No valid program data found for channel: 台灣靈異事件
PHP Notice:  Undefined offset: 1 in /home/runner/work/mk/mk/epgofiii.php on line 364
No valid program data found for channel: 包青天 1993版
PHP Notice:  Undefined offset: 1 in /home/runner/work/mk/mk/epgofiii.php on line 364
No valid program data found for channel: 我的婆婆怎麼那麼可愛
PHP Notice:  Undefined offset: 1 in /home/runner/work/mk/mk/epgofiii.php on line 364
No valid program data found for channel: 村裡來了個暴走女外科
PHP Notice:  Undefined offset: 1 in /home/runner/work/mk/mk/epgofiii.php on line 364
No valid program data found for channel: 一把青
PHP Notice:  Undefined offset: 1 in /home/runner/work/mk/mk/epgofiii.php on line 364
No valid program data found for channel: 茶金
PHP Notice:  Undefined offset: 1 in /home/runner/work/mk/mk/epgofiii.php on line 364
No valid program data found for channel: 苦力
PHP Notice:  Undefined offset: 1 in /home/runner/work/mk/mk/epgofiii.php on line 364
No valid program data found for channel: 俗女養成記
PHP Notice:  Undefined offset: 1 in /home/runner/work/mk/mk/epgofiii.php on line 364
No valid program data found for channel: 麻醉風暴
PHP Notice:  Undefined offset: 1 in /home/runner/work/mk/mk/epgofiii.php on line 364
No valid program data found for channel: 雖然等級只有1級但固有技能是最強的
PHP Notice:  Undefined offset: 1 in /home/runner/work/mk/mk/epgofiii.php on line 364
No valid program data found for channel: 擁有超常技能的異世界流浪美食家
PHP Notice:  Undefined offset: 1 in /home/runner/work/mk/mk/epgofiii.php on line 364
No valid program data found for channel: 離開A級隊伍的我，和從前的弟子往迷宮深處邁進
PHP Notice:  Undefined offset: 1 in /home/runner/work/mk/mk/epgofiii.php on line 364
No valid program data found for channel: 在異世界獲得超強能力的我，在現實世界照樣無敵～等級提升改變人生命運～
PHP Notice:  Undefined offset: 1 in /home/runner/work/mk/mk/epgofiii.php on line 364
No valid program data found for channel: 第一神拳
PHP Notice:  Undefined offset: 1 in /home/runner/work/mk/mk/epgofiii.php on line 364
No valid program data found for channel: 刀劍神域(中文版)
PHP Notice:  Undefined offset: 1 in /home/runner/work/mk/mk/epgofiii.php on line 364
No valid program data found for channel: 蠟筆小新(中文版)
PHP Notice:  Undefined offset: 1 in /home/runner/work/mk/mk/epgofiii.php on line 364
No valid program data found for channel: 我們這一家
PHP Notice:  Undefined offset: 1 in /home/runner/work/mk/mk/epgofiii.php on line 364
No valid program data found for channel: 獵人(中文版)
PHP Notice:  Undefined offset: 1 in /home/runner/work/mk/mk/epgofiii.php on line 364
No valid program data found for channel: 中華一番(中文版)
PHP Notice:  Undefined offset: 1 in /home/runner/work/mk/mk/epgofiii.php on line 364
No valid program data found for channel: 隊長小翼(中文版)
PHP Notice:  Undefined offset: 1 in /home/runner/work/mk/mk/epgofiii.php on line 364
No valid program data found for channel: SPY X FAMILY 間諜家家酒
PHP Notice:  Undefined offset: 1 in /home/runner/work/mk/mk/epgofiii.php on line 364
No valid program data found for channel: SPY X FAMILY 間諜家家酒(中文版)
PHP Notice:  Undefined offset: 1 in /home/runner/work/mk/mk/epgofiii.php on line 364
No valid program data found for channel: 無職轉生，到了異世界就拿出真本事
PHP Notice:  Undefined offset: 1 in /home/runner/work/mk/mk/epgofiii.php on line 364
No valid program data found for channel: 關於我轉生變成史萊姆這檔事(國)
PHP Notice:  Undefined offset: 1 in /home/runner/work/mk/mk/epgofiii.php on line 364
No valid program data found for channel: 夏目友人帳
PHP Notice:  Undefined offset: 1 in /home/runner/work/mk/mk/epgofiii.php on line 364
No valid program data found for channel: 怪醫黑傑克TV(中文版)
PHP Notice:  Undefined offset: 1 in /home/runner/work/mk/mk/epgofiii.php on line 364
No valid program data found for channel: 鋼之鍊金術師
PHP Notice:  Undefined offset: 1 in /home/runner/work/mk/mk/epgofiii.php on line 364
No valid program data found for channel: JOJO 的奇妙冒險
PHP Notice:  Undefined offset: 1 in /home/runner/work/mk/mk/epgofiii.php on line 364
No valid program data found for channel: 葬送的芙莉蓮
PHP Notice:  Undefined offset: 1 in /home/runner/work/mk/mk/epgofiii.php on line 364
No valid program data found for channel: 史上最強弟子兼一(中文版)
PHP Notice:  Undefined offset: 1 in /home/runner/work/mk/mk/epgofiii.php on line 364
No valid program data found for channel: 忍者亂太郎(中文版)
PHP Notice:  Undefined offset: 1 in /home/runner/work/mk/mk/epgofiii.php on line 364
No valid program data found for channel: 膽大黨
PHP Notice:  Undefined offset: 1 in /home/runner/work/mk/mk/epgofiii.php on line 364
No valid program data found for channel: 新忍者哈特利
PHP Notice:  Undefined offset: 1 in /home/runner/work/mk/mk/epgofiii.php on line 364
No valid program data found for channel: 凡爾賽玫瑰
PHP Notice:  Undefined offset: 1 in /home/runner/work/mk/mk/epgofiii.php on line 364
No valid program data found for channel: 城市獵人
PHP Notice:  Undefined offset: 1 in /home/runner/work/mk/mk/epgofiii.php on line 364
No valid program data found for channel: 超人力霸王台
PHP Notice:  Undefined offset: 1 in /home/runner/work/mk/mk/epgofiii.php on line 364
No valid program data found for channel: 生命的贏家
PHP Notice:  Undefined offset: 1 in /home/runner/work/mk/mk/epgofiii.php on line 364
No valid program data found for channel: 海派甜心
PHP Notice:  Undefined offset: 1 in /home/runner/work/mk/mk/epgofiii.php on line 364
No valid program data found for channel: 劣人傳之詭計
PHP Notice:  Undefined offset: 1 in /home/runner/work/mk/mk/epgofiii.php on line 364
No valid program data found for channel: 大新聞大爆卦
PHP Notice:  Undefined offset: 1 in /home/runner/work/mk/mk/epgofiii.php on line 364
No valid program data found for channel: 新聞大白話
PHP Notice:  Undefined offset: 1 in /home/runner/work/mk/mk/epgofiii.php on line 364
No valid program data found for channel: 文茜的世界周報
PHP Notice:  Undefined offset: 1 in /home/runner/work/mk/mk/epgofiii.php on line 364
No valid program data found for channel: 寰宇全視界
PHP Notice:  Undefined offset: 1 in /home/runner/work/mk/mk/epgofiii.php on line 364
No valid program data found for channel: 文茜的世界財經周報
PHP Notice:  Undefined offset: 1 in /home/runner/work/mk/mk/epgofiii.php on line 364
No valid program data found for channel: 少康戰情室
PHP Notice:  Undefined offset: 1 in /home/runner/work/mk/mk/epgofiii.php on line 364
No valid program data found for channel: 國民大會
PHP Notice:  Undefined offset: 1 in /home/runner/work/mk/mk/epgofiii.php on line 364
No valid program data found for channel: 台灣最前線
PHP Notice:  Undefined offset: 1 in /home/runner/work/mk/mk/epgofiii.php on line 364
No valid program data found for channel: 台灣向前行
PHP Notice:  Undefined offset: 1 in /home/runner/work/mk/mk/epgofiii.php on line 364
No valid program data found for channel: 民視異言堂
PHP Notice:  Undefined offset: 1 in /home/runner/work/mk/mk/epgofiii.php on line 364
No valid program data found for channel: 新聞觀測站
PHP Notice:  Undefined offset: 1 in /home/runner/work/mk/mk/epgofiii.php on line 364
No valid program data found for channel: 電動車時代
PHP Notice:  Undefined offset: 1 in /home/runner/work/mk/mk/epgofiii.php on line 364
No valid program data found for channel: SiCAR愛車酷
PHP Notice:  Undefined offset: 1 in /home/runner/work/mk/mk/epgofiii.php on line 364
No valid program data found for channel: 狂人日誌
PHP Notice:  Undefined offset: 1 in /home/runner/work/mk/mk/epgofiii.php on line 364
No valid program data found for channel: 脖子解說 Mr. Neck
PHP Notice:  Undefined offset: 1 in /home/runner/work/mk/mk/epgofiii.php on line 364
No valid program data found for channel: 食尚玩家-Hello腹餓代
PHP Notice:  Undefined offset: 1 in /home/runner/work/mk/mk/epgofiii.php on line 364
No valid program data found for channel: 食尚玩家-天菜就醬吃
PHP Notice:  Undefined offset: 1 in /home/runner/work/mk/mk/epgofiii.php on line 364
No valid program data found for channel: 食尚玩家-2天1夜go
PHP Notice:  Undefined offset: 1 in /home/runner/work/mk/mk/epgofiii.php on line 364
No valid program data found for channel: 食尚玩家-熱血48小時
PHP Notice:  Undefined offset: 1 in /home/runner/work/mk/mk/epgofiii.php on line 364
No valid program data found for channel: 非凡大探索
PHP Notice:  Undefined offset: 1 in /home/runner/work/mk/mk/epgofiii.php on line 364
No valid program data found for channel: 台灣1001個故事
PHP Notice:  Undefined offset: 1 in /home/runner/work/mk/mk/epgofiii.php on line 364
No valid program data found for channel: 詹姆士出走料理
PHP Notice:  Undefined offset: 1 in /home/runner/work/mk/mk/epgofiii.php on line 364
No valid program data found for channel: 進擊的台灣
PHP Notice:  Undefined offset: 1 in /home/runner/work/mk/mk/epgofiii.php on line 364
No valid program data found for channel: 世界第一等
PHP Notice:  Undefined offset: 1 in /home/runner/work/mk/mk/epgofiii.php on line 364
No valid program data found for channel: 台灣第一等
PHP Notice:  Undefined offset: 1 in /home/runner/work/mk/mk/epgofiii.php on line 364
No valid program data found for channel: 溢遊未盡
PHP Notice:  Undefined offset: 1 in /home/runner/work/mk/mk/epgofiii.php on line 364
No valid program data found for channel: 台灣真善美
PHP Notice:  Undefined offset: 1 in /home/runner/work/mk/mk/epgofiii.php on line 364
No valid program data found for channel: 請問今晚住誰家
PHP Notice:  Undefined offset: 1 in /home/runner/work/mk/mk/epgofiii.php on line 364
No valid program data found for channel: 早餐中國
PHP Notice:  Undefined offset: 1 in /home/runner/work/mk/mk/epgofiii.php on line 364
No valid program data found for channel: 溢起趣打卡
PHP Notice:  Undefined offset: 1 in /home/runner/work/mk/mk/epgofiii.php on line 364
No valid program data found for channel: 台灣壹百種味道
PHP Notice:  Undefined offset: 1 in /home/runner/work/mk/mk/epgofiii.php on line 364
No valid program data found for channel: 中國美食大探索
PHP Notice:  Undefined offset: 1 in /home/runner/work/mk/mk/epgofiii.php on line 364
No valid program data found for channel: 中國旅遊大探索
PHP Notice:  Undefined offset: 1 in /home/runner/work/mk/mk/epgofiii.php on line 364
No valid program data found for channel: 秘境不思溢
PHP Notice:  Undefined offset: 1 in /home/runner/work/mk/mk/epgofiii.php on line 364
No valid program data found for channel: 紓壓雷雨聲
PHP Notice:  Undefined offset: 1 in /home/runner/work/mk/mk/epgofiii.php on line 364
No valid program data found for channel: 療癒下雨聲
PHP Notice:  Undefined offset: 1 in /home/runner/work/mk/mk/epgofiii.php on line 364
No valid program data found for channel: 放鬆的爵士午後
PHP Notice:  Undefined offset: 1 in /home/runner/work/mk/mk/epgofiii.php on line 364
No valid program data found for channel: 夏日陽光海浪聲
PHP Notice:  Undefined offset: 1 in /home/runner/work/mk/mk/epgofiii.php on line 364
No valid program data found for channel: 大自然流水聲
EPG文件生成成功: epgofiii.xml
